2025/06/29 19:51:17 [INFO] Packer version: 1.12.0 [go1.22.9 darwin arm64]
2025/06/29 19:51:17 [INFO] PACKER_CONFIG env var not set; checking the default config file path
2025/06/29 19:51:17 [INFO] PACKER_CONFIG env var set; attempting to open config file: /Users/barneycook/.packerconfig
2025/06/29 19:51:17 [WARN] Config file doesn't exist: /Users/barneycook/.packerconfig
2025/06/29 19:51:17 [INFO] Setting cache directory: /Users/barneycook/.cache/packer
2025/06/29 19:51:17 [TRACE] listing potential installations for "github.com/hashicorp/amazon" that match ">= 0.0.2". plugingetter.ListInstallationsOptions{PluginDirectory:"/Users/barneycook/.config/packer/plugins", BinaryInstallationOptions:plugingetter.BinaryInstallationOptions{APIVersionMajor:"5", APIVersionMinor:"0", OS:"darwin", ARCH:"arm64", Ext:"", Checksummers:[]plugingetter.Checksummer{plugingetter.Checksummer{Type:"sha256", Hash:(*sha256.digest)(0x14000664100)}}, ReleasesOnly:false}}
2025/06/29 19:51:17 [TRACE] Found the following "github.com/hashicorp/amazon" installations: [{/Users/barneycook/.config/packer/plugins/github.com/hashicorp/amazon/packer-plugin-amazon_v1.3.4_x5.0_darwin_arm64 v1.3.4 x5.0}]
2025/06/29 19:51:17 [INFO] found external [chroot ebs ebssurrogate ebsvolume instance] builders from amazon plugin
2025/06/29 19:51:17 [INFO] found external [import] post-processors from amazon plugin
2025/06/29 19:51:17 found external [ami parameterstore secretsmanager] datasource from amazon plugin
2025/06/29 19:51:17 plugin "/Users/barneycook/.config/packer/plugins/github.com/hashicorp/amazon/packer-plugin-amazon_v1.3.4_x5.0_darwin_arm64" does not support Protobuf, forcing use of Gob
2025/06/29 19:51:17 [TRACE] listing potential installations for <nil> that match "". plugingetter.ListInstallationsOptions{PluginDirectory:"/Users/barneycook/.config/packer/plugins", BinaryInstallationOptions:plugingetter.BinaryInstallationOptions{APIVersionMajor:"5", APIVersionMinor:"0", OS:"darwin", ARCH:"arm64", Ext:"", Checksummers:[]plugingetter.Checksummer{plugingetter.Checksummer{Type:"sha256", Hash:(*sha256.digest)(0x14000664b00)}}, ReleasesOnly:false}}
2025/06/29 19:51:17 [INFO] found external [chroot ebs ebssurrogate ebsvolume instance] builders from amazon plugin
2025/06/29 19:51:17 [INFO] found external [import] post-processors from amazon plugin
2025/06/29 19:51:17 found external [ami parameterstore secretsmanager] datasource from amazon plugin
2025/06/29 19:51:17 [TRACE] validateValue: not active for packer-execution-id, so skipping
2025/06/29 19:51:17 [TRACE] validateValue: not active for profile, so skipping
2025/06/29 19:51:17 [TRACE] validateValue: not active for ami_regions, so skipping
2025/06/29 19:51:17 [TRACE] validateValue: not active for environment, so skipping
2025/06/29 19:51:17 [TRACE] validateValue: not active for git_commit_sha, so skipping
2025/06/29 19:51:17 [TRACE] validateValue: not active for postgres_major_version, so skipping
2025/06/29 19:51:17 [TRACE] validateValue: not active for force-deregister, so skipping
2025/06/29 19:51:17 [TRACE] validateValue: not active for git_sha, so skipping
2025/06/29 19:51:17 [TRACE] validateValue: not active for region, so skipping
2025/06/29 19:51:17 [TRACE] validateValue: not active for ami_name, so skipping
2025/06/29 19:51:17 [TRACE] validateValue: not active for postgres-version, so skipping
2025/06/29 19:51:17 [TRACE] validateValue: not active for git-head-version, so skipping
2025/06/29 19:51:17 [INFO] Starting external plugin /Users/barneycook/.config/packer/plugins/github.com/hashicorp/amazon/packer-plugin-amazon_v1.3.4_x5.0_darwin_arm64 start builder ebs
2025/06/29 19:51:17 Starting plugin: /Users/barneycook/.config/packer/plugins/github.com/hashicorp/amazon/packer-plugin-amazon_v1.3.4_x5.0_darwin_arm64 []string{"/Users/barneycook/.config/packer/plugins/github.com/hashicorp/amazon/packer-plugin-amazon_v1.3.4_x5.0_darwin_arm64", "start", "builder", "ebs"}
2025/06/29 19:51:17 Waiting for RPC address for: /Users/barneycook/.config/packer/plugins/github.com/hashicorp/amazon/packer-plugin-amazon_v1.3.4_x5.0_darwin_arm64
2025/06/29 19:51:17 packer-plugin-amazon_v1.3.4_x5.0_darwin_arm64 plugin: 2025/06/29 19:51:17 Plugin address: unix /var/folders/60/djqdr1sn5x5dmwllvmnlf3dc0000gn/T/packer-plugin1396484213
2025/06/29 19:51:17 packer-plugin-amazon_v1.3.4_x5.0_darwin_arm64 plugin: 2025/06/29 19:51:17 Waiting for connection...
2025/06/29 19:51:17 Received unix RPC address for /Users/barneycook/.config/packer/plugins/github.com/hashicorp/amazon/packer-plugin-amazon_v1.3.4_x5.0_darwin_arm64: addr is /var/folders/60/djqdr1sn5x5dmwllvmnlf3dc0000gn/T/packer-plugin1396484213
2025/06/29 19:51:17 packer-plugin-amazon_v1.3.4_x5.0_darwin_arm64 plugin: 2025/06/29 19:51:17 Serving a plugin connection...
2025/06/29 19:51:17 packer-plugin-amazon_v1.3.4_x5.0_darwin_arm64 plugin: 2025/06/29 19:51:17 [TRACE] starting builder ebs
2025/06/29 19:51:17 [DEBUG] - common: receiving ConfigSpec as gob
2025/06/29 19:51:17 packer-plugin-amazon_v1.3.4_x5.0_darwin_arm64 plugin: 2025/06/29 19:51:17 [INFO] (aws): No AWS timeout and polling overrides have been set. Packer will default to waiter-specific delays and timeouts. If you would like to customize the length of time between retries and max number of retries you may do so by setting the environment variables AWS_POLL_DELAY_SECONDS and AWS_MAX_ATTEMPTS or the configuration options aws_polling_delay_seconds and aws_polling_max_attempts to your desired values.
2025/06/29 19:51:17 [DEBUG] - common: receiving ConfigSpec as gob
2025/06/29 19:51:17 [INFO] Starting external plugin /opt/homebrew/bin/packer execute packer-provisioner-shell
2025/06/29 19:51:17 Starting plugin: /opt/homebrew/bin/packer []string{"/opt/homebrew/bin/packer", "execute", "packer-provisioner-shell"}
2025/06/29 19:51:17 Waiting for RPC address for: /opt/homebrew/bin/packer
2025/06/29 19:51:17 packer-provisioner-shell plugin: [INFO] Packer version: 1.12.0 [go1.22.9 darwin arm64]
2025/06/29 19:51:17 packer-provisioner-shell plugin: [INFO] PACKER_CONFIG env var not set; checking the default config file path
2025/06/29 19:51:17 packer-provisioner-shell plugin: [INFO] PACKER_CONFIG env var set; attempting to open config file: /Users/barneycook/.packerconfig
2025/06/29 19:51:17 packer-provisioner-shell plugin: [WARN] Config file doesn't exist: /Users/barneycook/.packerconfig
2025/06/29 19:51:17 packer-provisioner-shell plugin: [INFO] Setting cache directory: /Users/barneycook/.cache/packer
2025/06/29 19:51:17 packer-provisioner-shell plugin: Plugin address: unix /var/folders/60/djqdr1sn5x5dmwllvmnlf3dc0000gn/T/packer-plugin516080218
2025/06/29 19:51:17 packer-provisioner-shell plugin: Waiting for connection...
2025/06/29 19:51:17 Received unix RPC address for /opt/homebrew/bin/packer: addr is /var/folders/60/djqdr1sn5x5dmwllvmnlf3dc0000gn/T/packer-plugin516080218
2025/06/29 19:51:17 packer-provisioner-shell plugin: Serving a plugin connection...
2025/06/29 19:51:17 packer-provisioner-shell plugin: [DEBUG] - common: sending ConfigSpec as gob
2025/06/29 19:51:17 [DEBUG] - common: receiving ConfigSpec as gob
2025/06/29 19:51:17 [INFO] Starting external plugin /opt/homebrew/bin/packer execute packer-provisioner-file
2025/06/29 19:51:17 Starting plugin: /opt/homebrew/bin/packer []string{"/opt/homebrew/bin/packer", "execute", "packer-provisioner-file"}
2025/06/29 19:51:17 Waiting for RPC address for: /opt/homebrew/bin/packer
2025/06/29 19:51:17 packer-provisioner-file plugin: [INFO] Packer version: 1.12.0 [go1.22.9 darwin arm64]
2025/06/29 19:51:17 packer-provisioner-file plugin: [INFO] PACKER_CONFIG env var not set; checking the default config file path
2025/06/29 19:51:17 packer-provisioner-file plugin: [INFO] PACKER_CONFIG env var set; attempting to open config file: /Users/barneycook/.packerconfig
2025/06/29 19:51:17 packer-provisioner-file plugin: [WARN] Config file doesn't exist: /Users/barneycook/.packerconfig
2025/06/29 19:51:17 packer-provisioner-file plugin: [INFO] Setting cache directory: /Users/barneycook/.cache/packer
2025/06/29 19:51:17 packer-provisioner-file plugin: Plugin address: unix /var/folders/60/djqdr1sn5x5dmwllvmnlf3dc0000gn/T/packer-plugin504630821
2025/06/29 19:51:17 packer-provisioner-file plugin: Waiting for connection...
2025/06/29 19:51:17 Received unix RPC address for /opt/homebrew/bin/packer: addr is /var/folders/60/djqdr1sn5x5dmwllvmnlf3dc0000gn/T/packer-plugin504630821
2025/06/29 19:51:17 packer-provisioner-file plugin: Serving a plugin connection...
2025/06/29 19:51:17 packer-provisioner-file plugin: [DEBUG] - common: sending ConfigSpec as gob
2025/06/29 19:51:17 [DEBUG] - common: receiving ConfigSpec as gob
2025/06/29 19:51:17 packer-provisioner-file plugin: [DEBUG] - common: sending ConfigSpec as gob
2025/06/29 19:51:17 [DEBUG] - common: receiving ConfigSpec as gob
2025/06/29 19:51:17 [INFO] Starting external plugin /opt/homebrew/bin/packer execute packer-provisioner-file
2025/06/29 19:51:17 Starting plugin: /opt/homebrew/bin/packer []string{"/opt/homebrew/bin/packer", "execute", "packer-provisioner-file"}
2025/06/29 19:51:17 Waiting for RPC address for: /opt/homebrew/bin/packer
2025/06/29 19:51:17 packer-provisioner-file plugin: [INFO] Packer version: 1.12.0 [go1.22.9 darwin arm64]
2025/06/29 19:51:17 packer-provisioner-file plugin: [INFO] PACKER_CONFIG env var not set; checking the default config file path
2025/06/29 19:51:17 packer-provisioner-file plugin: [INFO] PACKER_CONFIG env var set; attempting to open config file: /Users/barneycook/.packerconfig
2025/06/29 19:51:17 packer-provisioner-file plugin: [WARN] Config file doesn't exist: /Users/barneycook/.packerconfig
2025/06/29 19:51:17 packer-provisioner-file plugin: [INFO] Setting cache directory: /Users/barneycook/.cache/packer
2025/06/29 19:51:17 Received unix RPC address for /opt/homebrew/bin/packer: addr is /var/folders/60/djqdr1sn5x5dmwllvmnlf3dc0000gn/T/packer-plugin3723524910
2025/06/29 19:51:17 packer-provisioner-file plugin: Plugin address: unix /var/folders/60/djqdr1sn5x5dmwllvmnlf3dc0000gn/T/packer-plugin3723524910
2025/06/29 19:51:17 packer-provisioner-file plugin: Waiting for connection...
2025/06/29 19:51:17 packer-provisioner-file plugin: Serving a plugin connection...
2025/06/29 19:51:17 packer-provisioner-file plugin: [DEBUG] - common: sending ConfigSpec as gob
2025/06/29 19:51:17 [DEBUG] - common: receiving ConfigSpec as gob
2025/06/29 19:51:17 packer-provisioner-file plugin: [DEBUG] - common: sending ConfigSpec as gob
2025/06/29 19:51:17 [DEBUG] - common: receiving ConfigSpec as gob
2025/06/29 19:51:17 [INFO] Starting external plugin /opt/homebrew/bin/packer execute packer-provisioner-file
2025/06/29 19:51:17 Starting plugin: /opt/homebrew/bin/packer []string{"/opt/homebrew/bin/packer", "execute", "packer-provisioner-file"}
2025/06/29 19:51:17 Waiting for RPC address for: /opt/homebrew/bin/packer
2025/06/29 19:51:17 packer-provisioner-file plugin: [INFO] Packer version: 1.12.0 [go1.22.9 darwin arm64]
2025/06/29 19:51:17 packer-provisioner-file plugin: [INFO] PACKER_CONFIG env var not set; checking the default config file path
2025/06/29 19:51:17 packer-provisioner-file plugin: [INFO] PACKER_CONFIG env var set; attempting to open config file: /Users/barneycook/.packerconfig
2025/06/29 19:51:17 packer-provisioner-file plugin: [WARN] Config file doesn't exist: /Users/barneycook/.packerconfig
2025/06/29 19:51:17 packer-provisioner-file plugin: [INFO] Setting cache directory: /Users/barneycook/.cache/packer
2025/06/29 19:51:17 packer-provisioner-file plugin: Plugin address: unix /var/folders/60/djqdr1sn5x5dmwllvmnlf3dc0000gn/T/packer-plugin652191858
2025/06/29 19:51:17 packer-provisioner-file plugin: Waiting for connection...
2025/06/29 19:51:17 Received unix RPC address for /opt/homebrew/bin/packer: addr is /var/folders/60/djqdr1sn5x5dmwllvmnlf3dc0000gn/T/packer-plugin652191858
2025/06/29 19:51:17 packer-provisioner-file plugin: Serving a plugin connection...
2025/06/29 19:51:17 packer-provisioner-file plugin: [DEBUG] - common: sending ConfigSpec as gob
2025/06/29 19:51:17 [DEBUG] - common: receiving ConfigSpec as gob
2025/06/29 19:51:17 packer-provisioner-file plugin: [DEBUG] - common: sending ConfigSpec as gob
2025/06/29 19:51:17 [DEBUG] - common: receiving ConfigSpec as gob
2025/06/29 19:51:17 [INFO] Starting external plugin /opt/homebrew/bin/packer execute packer-provisioner-file
2025/06/29 19:51:17 Starting plugin: /opt/homebrew/bin/packer []string{"/opt/homebrew/bin/packer", "execute", "packer-provisioner-file"}
2025/06/29 19:51:17 Waiting for RPC address for: /opt/homebrew/bin/packer
2025/06/29 19:51:17 packer-provisioner-file plugin: [INFO] Packer version: 1.12.0 [go1.22.9 darwin arm64]
2025/06/29 19:51:17 packer-provisioner-file plugin: [INFO] PACKER_CONFIG env var not set; checking the default config file path
2025/06/29 19:51:17 packer-provisioner-file plugin: [INFO] PACKER_CONFIG env var set; attempting to open config file: /Users/barneycook/.packerconfig
2025/06/29 19:51:17 packer-provisioner-file plugin: [WARN] Config file doesn't exist: /Users/barneycook/.packerconfig
2025/06/29 19:51:17 packer-provisioner-file plugin: [INFO] Setting cache directory: /Users/barneycook/.cache/packer
2025/06/29 19:51:17 packer-provisioner-file plugin: Plugin address: unix /var/folders/60/djqdr1sn5x5dmwllvmnlf3dc0000gn/T/packer-plugin2279591717
2025/06/29 19:51:17 packer-provisioner-file plugin: Waiting for connection...
2025/06/29 19:51:17 Received unix RPC address for /opt/homebrew/bin/packer: addr is /var/folders/60/djqdr1sn5x5dmwllvmnlf3dc0000gn/T/packer-plugin2279591717
2025/06/29 19:51:17 packer-provisioner-file plugin: Serving a plugin connection...
2025/06/29 19:51:17 packer-provisioner-file plugin: [DEBUG] - common: sending ConfigSpec as gob
2025/06/29 19:51:17 [DEBUG] - common: receiving ConfigSpec as gob
2025/06/29 19:51:17 packer-provisioner-file plugin: [DEBUG] - common: sending ConfigSpec as gob
2025/06/29 19:51:17 [DEBUG] - common: receiving ConfigSpec as gob
2025/06/29 19:51:17 [INFO] Starting external plugin /opt/homebrew/bin/packer execute packer-provisioner-file
2025/06/29 19:51:17 Starting plugin: /opt/homebrew/bin/packer []string{"/opt/homebrew/bin/packer", "execute", "packer-provisioner-file"}
2025/06/29 19:51:17 Waiting for RPC address for: /opt/homebrew/bin/packer
2025/06/29 19:51:17 packer-provisioner-file plugin: [INFO] Packer version: 1.12.0 [go1.22.9 darwin arm64]
2025/06/29 19:51:17 packer-provisioner-file plugin: [INFO] PACKER_CONFIG env var not set; checking the default config file path
2025/06/29 19:51:17 packer-provisioner-file plugin: [INFO] PACKER_CONFIG env var set; attempting to open config file: /Users/barneycook/.packerconfig
2025/06/29 19:51:17 packer-provisioner-file plugin: [WARN] Config file doesn't exist: /Users/barneycook/.packerconfig
2025/06/29 19:51:17 packer-provisioner-file plugin: [INFO] Setting cache directory: /Users/barneycook/.cache/packer
2025/06/29 19:51:17 packer-provisioner-file plugin: Plugin address: unix /var/folders/60/djqdr1sn5x5dmwllvmnlf3dc0000gn/T/packer-plugin1146794232
2025/06/29 19:51:17 packer-provisioner-file plugin: Waiting for connection...
2025/06/29 19:51:17 Received unix RPC address for /opt/homebrew/bin/packer: addr is /var/folders/60/djqdr1sn5x5dmwllvmnlf3dc0000gn/T/packer-plugin1146794232
2025/06/29 19:51:17 packer-provisioner-file plugin: Serving a plugin connection...
2025/06/29 19:51:17 packer-provisioner-file plugin: [DEBUG] - common: sending ConfigSpec as gob
2025/06/29 19:51:17 [DEBUG] - common: receiving ConfigSpec as gob
2025/06/29 19:51:17 packer-provisioner-file plugin: [DEBUG] - common: sending ConfigSpec as gob
2025/06/29 19:51:17 [DEBUG] - common: receiving ConfigSpec as gob
2025/06/29 19:51:17 [INFO] Starting external plugin /opt/homebrew/bin/packer execute packer-provisioner-file
2025/06/29 19:51:17 Starting plugin: /opt/homebrew/bin/packer []string{"/opt/homebrew/bin/packer", "execute", "packer-provisioner-file"}
2025/06/29 19:51:17 Waiting for RPC address for: /opt/homebrew/bin/packer
2025/06/29 19:51:17 packer-provisioner-file plugin: [INFO] Packer version: 1.12.0 [go1.22.9 darwin arm64]
2025/06/29 19:51:17 packer-provisioner-file plugin: [INFO] PACKER_CONFIG env var not set; checking the default config file path
2025/06/29 19:51:17 packer-provisioner-file plugin: [INFO] PACKER_CONFIG env var set; attempting to open config file: /Users/barneycook/.packerconfig
2025/06/29 19:51:17 packer-provisioner-file plugin: [WARN] Config file doesn't exist: /Users/barneycook/.packerconfig
2025/06/29 19:51:17 packer-provisioner-file plugin: [INFO] Setting cache directory: /Users/barneycook/.cache/packer
2025/06/29 19:51:17 packer-provisioner-file plugin: Plugin address: unix /var/folders/60/djqdr1sn5x5dmwllvmnlf3dc0000gn/T/packer-plugin174095690
2025/06/29 19:51:17 packer-provisioner-file plugin: Waiting for connection...
2025/06/29 19:51:17 Received unix RPC address for /opt/homebrew/bin/packer: addr is /var/folders/60/djqdr1sn5x5dmwllvmnlf3dc0000gn/T/packer-plugin174095690
2025/06/29 19:51:17 packer-provisioner-file plugin: Serving a plugin connection...
2025/06/29 19:51:17 packer-provisioner-file plugin: [DEBUG] - common: sending ConfigSpec as gob
2025/06/29 19:51:17 [DEBUG] - common: receiving ConfigSpec as gob
2025/06/29 19:51:17 packer-provisioner-file plugin: [DEBUG] - common: sending ConfigSpec as gob
2025/06/29 19:51:17 [DEBUG] - common: receiving ConfigSpec as gob
2025/06/29 19:51:17 [INFO] Starting external plugin /opt/homebrew/bin/packer execute packer-provisioner-file
2025/06/29 19:51:17 Starting plugin: /opt/homebrew/bin/packer []string{"/opt/homebrew/bin/packer", "execute", "packer-provisioner-file"}
2025/06/29 19:51:17 Waiting for RPC address for: /opt/homebrew/bin/packer
2025/06/29 19:51:17 packer-provisioner-file plugin: [INFO] Packer version: 1.12.0 [go1.22.9 darwin arm64]
2025/06/29 19:51:17 packer-provisioner-file plugin: [INFO] PACKER_CONFIG env var not set; checking the default config file path
2025/06/29 19:51:17 packer-provisioner-file plugin: [INFO] PACKER_CONFIG env var set; attempting to open config file: /Users/barneycook/.packerconfig
2025/06/29 19:51:17 packer-provisioner-file plugin: [WARN] Config file doesn't exist: /Users/barneycook/.packerconfig
2025/06/29 19:51:17 packer-provisioner-file plugin: [INFO] Setting cache directory: /Users/barneycook/.cache/packer
2025/06/29 19:51:17 packer-provisioner-file plugin: Plugin address: unix /var/folders/60/djqdr1sn5x5dmwllvmnlf3dc0000gn/T/packer-plugin1471532437
2025/06/29 19:51:17 packer-provisioner-file plugin: Waiting for connection...
2025/06/29 19:51:17 Received unix RPC address for /opt/homebrew/bin/packer: addr is /var/folders/60/djqdr1sn5x5dmwllvmnlf3dc0000gn/T/packer-plugin1471532437
2025/06/29 19:51:17 packer-provisioner-file plugin: Serving a plugin connection...
2025/06/29 19:51:17 packer-provisioner-file plugin: [DEBUG] - common: sending ConfigSpec as gob
2025/06/29 19:51:17 [DEBUG] - common: receiving ConfigSpec as gob
2025/06/29 19:51:17 packer-provisioner-file plugin: [DEBUG] - common: sending ConfigSpec as gob
2025/06/29 19:51:17 [DEBUG] - common: receiving ConfigSpec as gob
2025/06/29 19:51:17 [INFO] Starting external plugin /opt/homebrew/bin/packer execute packer-provisioner-shell
2025/06/29 19:51:17 Starting plugin: /opt/homebrew/bin/packer []string{"/opt/homebrew/bin/packer", "execute", "packer-provisioner-shell"}
2025/06/29 19:51:17 Waiting for RPC address for: /opt/homebrew/bin/packer
2025/06/29 19:51:17 packer-provisioner-shell plugin: [INFO] Packer version: 1.12.0 [go1.22.9 darwin arm64]
2025/06/29 19:51:17 packer-provisioner-shell plugin: [INFO] PACKER_CONFIG env var not set; checking the default config file path
2025/06/29 19:51:17 packer-provisioner-shell plugin: [INFO] PACKER_CONFIG env var set; attempting to open config file: /Users/barneycook/.packerconfig
2025/06/29 19:51:17 packer-provisioner-shell plugin: [WARN] Config file doesn't exist: /Users/barneycook/.packerconfig
2025/06/29 19:51:17 packer-provisioner-shell plugin: [INFO] Setting cache directory: /Users/barneycook/.cache/packer
2025/06/29 19:51:17 packer-provisioner-shell plugin: Plugin address: unix /var/folders/60/djqdr1sn5x5dmwllvmnlf3dc0000gn/T/packer-plugin319916340
2025/06/29 19:51:17 packer-provisioner-shell plugin: Waiting for connection...
2025/06/29 19:51:17 Received unix RPC address for /opt/homebrew/bin/packer: addr is /var/folders/60/djqdr1sn5x5dmwllvmnlf3dc0000gn/T/packer-plugin319916340
2025/06/29 19:51:17 packer-provisioner-shell plugin: Serving a plugin connection...
2025/06/29 19:51:17 packer-provisioner-shell plugin: [DEBUG] - common: sending ConfigSpec as gob
2025/06/29 19:51:17 [DEBUG] - common: receiving ConfigSpec as gob
2025/06/29 19:51:17 packer-provisioner-shell plugin: [DEBUG] - common: sending ConfigSpec as gob
2025/06/29 19:51:17 [DEBUG] - common: receiving ConfigSpec as gob

  on ./stage2-nix-psql.pkr.hcl line 135:
  (source code not available)

./stage2-nix-psql.pkr.hcl:153,50-57: Unknown variable; There is no variable
named "size_gb".

2025/06/29 19:51:17 [INFO] (telemetry) Finalizing.
Error: Failed preparing provisioner-block "shell" ""

  on ./stage2-nix-psql.pkr.hcl line 135:
  (source code not available)

./stage2-nix-psql.pkr.hcl:153,50-57: Unknown variable; There is no variable
named "size_gb".


2025/06/29 19:51:18 waiting for all plugin processes to complete...
2025/06/29 19:51:18 /opt/homebrew/bin/packer: plugin process exited
2025/06/29 19:51:18 /opt/homebrew/bin/packer: plugin process exited
2025/06/29 19:51:18 /opt/homebrew/bin/packer: plugin process exited
2025/06/29 19:51:18 /opt/homebrew/bin/packer: plugin process exited
2025/06/29 19:51:18 /opt/homebrew/bin/packer: plugin process exited
2025/06/29 19:51:18 /opt/homebrew/bin/packer: plugin process exited
2025/06/29 19:51:18 /opt/homebrew/bin/packer: plugin process exited
2025/06/29 19:51:18 /opt/homebrew/bin/packer: plugin process exited
2025/06/29 19:51:18 /opt/homebrew/bin/packer: plugin process exited
2025/06/29 19:51:18 /Users/barneycook/.config/packer/plugins/github.com/hashicorp/amazon/packer-plugin-amazon_v1.3.4_x5.0_darwin_arm64: plugin process exited
