2025/06/27 23:26:57 [INFO] Packer version: 1.12.0 [go1.22.9 darwin arm64]
2025/06/27 23:26:57 [INFO] PACKER_CONFIG env var not set; checking the default config file path
2025/06/27 23:26:57 [INFO] PACKER_CONFIG env var set; attempting to open config file: /Users/barneycook/.packerconfig
2025/06/27 23:26:57 [WARN] Config file doesn't exist: /Users/barneycook/.packerconfig
2025/06/27 23:26:57 [INFO] Setting cache directory: /Users/barneycook/.cache/packer
2025/06/27 23:26:57 [TRACE] listing potential installations for "github.com/hashicorp/amazon" that match ">= 0.0.2". plugingetter.ListInstallationsOptions{PluginDirectory:"/Users/barneycook/.config/packer/plugins", BinaryInstallationOptions:plugingetter.BinaryInstallationOptions{APIVersionMajor:"5", APIVersionMinor:"0", OS:"darwin", ARCH:"arm64", Ext:"", Checksummers:[]plugingetter.Checksummer{plugingetter.Checksummer{Type:"sha256", Hash:(*sha256.digest)(0x14000056800)}}, ReleasesOnly:false}}
2025/06/27 23:26:57 [TRACE] Found the following "github.com/hashicorp/amazon" installations: [{/Users/barneycook/.config/packer/plugins/github.com/hashicorp/amazon/packer-plugin-amazon_v1.3.4_x5.0_darwin_arm64 v1.3.4 x5.0}]
2025/06/27 23:26:57 [INFO] found external [chroot ebs ebssurrogate ebsvolume instance] builders from amazon plugin
2025/06/27 23:26:57 [INFO] found external [import] post-processors from amazon plugin
2025/06/27 23:26:57 found external [ami parameterstore secretsmanager] datasource from amazon plugin
2025/06/27 23:26:57 plugin "/Users/barneycook/.config/packer/plugins/github.com/hashicorp/amazon/packer-plugin-amazon_v1.3.4_x5.0_darwin_arm64" does not support Protobuf, forcing use of Gob
2025/06/27 23:26:57 [TRACE] listing potential installations for <nil> that match "". plugingetter.ListInstallationsOptions{PluginDirectory:"/Users/barneycook/.config/packer/plugins", BinaryInstallationOptions:plugingetter.BinaryInstallationOptions{APIVersionMajor:"5", APIVersionMinor:"0", OS:"darwin", ARCH:"arm64", Ext:"", Checksummers:[]plugingetter.Checksummer{plugingetter.Checksummer{Type:"sha256", Hash:(*sha256.digest)(0x14000666780)}}, ReleasesOnly:false}}
2025/06/27 23:26:57 [INFO] found external [chroot ebs ebssurrogate ebsvolume instance] builders from amazon plugin
2025/06/27 23:26:57 [INFO] found external [import] post-processors from amazon plugin
2025/06/27 23:26:57 found external [ami parameterstore secretsmanager] datasource from amazon plugin
2025/06/27 23:26:57 [TRACE] validateValue: not active for ami_regions, so skipping
2025/06/27 23:26:57 [TRACE] validateValue: not active for ami_name, so skipping
2025/06/27 23:26:57 [TRACE] validateValue: not active for postgres-version, so skipping
2025/06/27 23:26:57 [TRACE] validateValue: not active for git-head-version, so skipping
2025/06/27 23:26:57 [TRACE] validateValue: not active for packer-execution-id, so skipping
2025/06/27 23:26:57 [TRACE] validateValue: not active for force-deregister, so skipping
2025/06/27 23:26:57 [TRACE] validateValue: not active for profile, so skipping
2025/06/27 23:26:57 [TRACE] validateValue: not active for region, so skipping
2025/06/27 23:26:57 [TRACE] validateValue: not active for postgres_major_version, so skipping
2025/06/27 23:26:57 [TRACE] validateValue: not active for git_commit_sha, so skipping
2025/06/27 23:26:57 [TRACE] validateValue: not active for git_sha, so skipping
2025/06/27 23:26:57 [TRACE] validateValue: not active for environment, so skipping
2025/06/27 23:26:57 [INFO] Starting external plugin /Users/barneycook/.config/packer/plugins/github.com/hashicorp/amazon/packer-plugin-amazon_v1.3.4_x5.0_darwin_arm64 start builder ebs
2025/06/27 23:26:57 Starting plugin: /Users/barneycook/.config/packer/plugins/github.com/hashicorp/amazon/packer-plugin-amazon_v1.3.4_x5.0_darwin_arm64 []string{"/Users/barneycook/.config/packer/plugins/github.com/hashicorp/amazon/packer-plugin-amazon_v1.3.4_x5.0_darwin_arm64", "start", "builder", "ebs"}
2025/06/27 23:26:57 Waiting for RPC address for: /Users/barneycook/.config/packer/plugins/github.com/hashicorp/amazon/packer-plugin-amazon_v1.3.4_x5.0_darwin_arm64
2025/06/27 23:26:57 packer-plugin-amazon_v1.3.4_x5.0_darwin_arm64 plugin: 2025/06/27 23:26:57 Plugin address: unix /var/folders/60/djqdr1sn5x5dmwllvmnlf3dc0000gn/T/packer-plugin2626141233
2025/06/27 23:26:57 packer-plugin-amazon_v1.3.4_x5.0_darwin_arm64 plugin: 2025/06/27 23:26:57 Waiting for connection...
2025/06/27 23:26:57 Received unix RPC address for /Users/barneycook/.config/packer/plugins/github.com/hashicorp/amazon/packer-plugin-amazon_v1.3.4_x5.0_darwin_arm64: addr is /var/folders/60/djqdr1sn5x5dmwllvmnlf3dc0000gn/T/packer-plugin2626141233
2025/06/27 23:26:57 packer-plugin-amazon_v1.3.4_x5.0_darwin_arm64 plugin: 2025/06/27 23:26:57 Serving a plugin connection...
2025/06/27 23:26:57 packer-plugin-amazon_v1.3.4_x5.0_darwin_arm64 plugin: 2025/06/27 23:26:57 [TRACE] starting builder ebs
2025/06/27 23:26:57 [DEBUG] - common: receiving ConfigSpec as gob
2025/06/27 23:26:57 packer-plugin-amazon_v1.3.4_x5.0_darwin_arm64 plugin: 2025/06/27 23:26:57 [INFO] (aws): No AWS timeout and polling overrides have been set. Packer will default to waiter-specific delays and timeouts. If you would like to customize the length of time between retries and max number of retries you may do so by setting the environment variables AWS_POLL_DELAY_SECONDS and AWS_MAX_ATTEMPTS or the configuration options aws_polling_delay_seconds and aws_polling_max_attempts to your desired values.
2025/06/27 23:26:57 [DEBUG] - common: receiving ConfigSpec as gob
2025/06/27 23:26:57 [INFO] Starting external plugin /opt/homebrew/bin/packer execute packer-provisioner-shell
2025/06/27 23:26:57 Starting plugin: /opt/homebrew/bin/packer []string{"/opt/homebrew/bin/packer", "execute", "packer-provisioner-shell"}
2025/06/27 23:26:57 Waiting for RPC address for: /opt/homebrew/bin/packer
2025/06/27 23:26:57 packer-provisioner-shell plugin: [INFO] Packer version: 1.12.0 [go1.22.9 darwin arm64]
2025/06/27 23:26:57 packer-provisioner-shell plugin: [INFO] PACKER_CONFIG env var not set; checking the default config file path
2025/06/27 23:26:57 packer-provisioner-shell plugin: [INFO] PACKER_CONFIG env var set; attempting to open config file: /Users/barneycook/.packerconfig
2025/06/27 23:26:57 packer-provisioner-shell plugin: [WARN] Config file doesn't exist: /Users/barneycook/.packerconfig
2025/06/27 23:26:57 packer-provisioner-shell plugin: [INFO] Setting cache directory: /Users/barneycook/.cache/packer
2025/06/27 23:26:57 packer-provisioner-shell plugin: Plugin address: unix /var/folders/60/djqdr1sn5x5dmwllvmnlf3dc0000gn/T/packer-plugin1030328184
2025/06/27 23:26:57 packer-provisioner-shell plugin: Waiting for connection...
2025/06/27 23:26:57 Received unix RPC address for /opt/homebrew/bin/packer: addr is /var/folders/60/djqdr1sn5x5dmwllvmnlf3dc0000gn/T/packer-plugin1030328184
2025/06/27 23:26:57 packer-provisioner-shell plugin: Serving a plugin connection...
2025/06/27 23:26:57 packer-provisioner-shell plugin: [DEBUG] - common: sending ConfigSpec as gob
2025/06/27 23:26:57 [DEBUG] - common: receiving ConfigSpec as gob
2025/06/27 23:26:57 packer-provisioner-shell plugin: [DEBUG] - common: sending ConfigSpec as gob
2025/06/27 23:26:57 [DEBUG] - common: receiving ConfigSpec as gob
2025/06/27 23:26:57 [INFO] Starting external plugin /opt/homebrew/bin/packer execute packer-provisioner-file
2025/06/27 23:26:57 Starting plugin: /opt/homebrew/bin/packer []string{"/opt/homebrew/bin/packer", "execute", "packer-provisioner-file"}
2025/06/27 23:26:57 Waiting for RPC address for: /opt/homebrew/bin/packer
2025/06/27 23:26:57 packer-provisioner-file plugin: [INFO] Packer version: 1.12.0 [go1.22.9 darwin arm64]
2025/06/27 23:26:57 packer-provisioner-file plugin: [INFO] PACKER_CONFIG env var not set; checking the default config file path
2025/06/27 23:26:57 packer-provisioner-file plugin: [INFO] PACKER_CONFIG env var set; attempting to open config file: /Users/barneycook/.packerconfig
2025/06/27 23:26:57 packer-provisioner-file plugin: [WARN] Config file doesn't exist: /Users/barneycook/.packerconfig
2025/06/27 23:26:57 packer-provisioner-file plugin: [INFO] Setting cache directory: /Users/barneycook/.cache/packer
2025/06/27 23:26:57 Received unix RPC address for /opt/homebrew/bin/packer: addr is /var/folders/60/djqdr1sn5x5dmwllvmnlf3dc0000gn/T/packer-plugin2033014100
2025/06/27 23:26:57 packer-provisioner-file plugin: Plugin address: unix /var/folders/60/djqdr1sn5x5dmwllvmnlf3dc0000gn/T/packer-plugin2033014100
2025/06/27 23:26:57 packer-provisioner-file plugin: Waiting for connection...
2025/06/27 23:26:57 packer-provisioner-file plugin: Serving a plugin connection...
2025/06/27 23:26:57 packer-provisioner-file plugin: [DEBUG] - common: sending ConfigSpec as gob
2025/06/27 23:26:57 [DEBUG] - common: receiving ConfigSpec as gob
2025/06/27 23:26:57 packer-provisioner-file plugin: [DEBUG] - common: sending ConfigSpec as gob
2025/06/27 23:26:57 [DEBUG] - common: receiving ConfigSpec as gob
2025/06/27 23:26:57 [INFO] Starting external plugin /opt/homebrew/bin/packer execute packer-provisioner-file
2025/06/27 23:26:57 Starting plugin: /opt/homebrew/bin/packer []string{"/opt/homebrew/bin/packer", "execute", "packer-provisioner-file"}
2025/06/27 23:26:57 Waiting for RPC address for: /opt/homebrew/bin/packer
2025/06/27 23:26:57 packer-provisioner-file plugin: [INFO] Packer version: 1.12.0 [go1.22.9 darwin arm64]
2025/06/27 23:26:57 packer-provisioner-file plugin: [INFO] PACKER_CONFIG env var not set; checking the default config file path
2025/06/27 23:26:57 packer-provisioner-file plugin: [INFO] PACKER_CONFIG env var set; attempting to open config file: /Users/barneycook/.packerconfig
2025/06/27 23:26:57 packer-provisioner-file plugin: [WARN] Config file doesn't exist: /Users/barneycook/.packerconfig
2025/06/27 23:26:57 packer-provisioner-file plugin: [INFO] Setting cache directory: /Users/barneycook/.cache/packer
2025/06/27 23:26:57 packer-provisioner-file plugin: Plugin address: unix /var/folders/60/djqdr1sn5x5dmwllvmnlf3dc0000gn/T/packer-plugin3980356284
2025/06/27 23:26:57 packer-provisioner-file plugin: Waiting for connection...
2025/06/27 23:26:57 Received unix RPC address for /opt/homebrew/bin/packer: addr is /var/folders/60/djqdr1sn5x5dmwllvmnlf3dc0000gn/T/packer-plugin3980356284
2025/06/27 23:26:57 packer-provisioner-file plugin: Serving a plugin connection...
2025/06/27 23:26:57 packer-provisioner-file plugin: [DEBUG] - common: sending ConfigSpec as gob
2025/06/27 23:26:57 [DEBUG] - common: receiving ConfigSpec as gob
2025/06/27 23:26:57 packer-provisioner-file plugin: [DEBUG] - common: sending ConfigSpec as gob
2025/06/27 23:26:57 [DEBUG] - common: receiving ConfigSpec as gob
2025/06/27 23:26:57 [INFO] Starting external plugin /opt/homebrew/bin/packer execute packer-provisioner-file
2025/06/27 23:26:57 Starting plugin: /opt/homebrew/bin/packer []string{"/opt/homebrew/bin/packer", "execute", "packer-provisioner-file"}
2025/06/27 23:26:57 Waiting for RPC address for: /opt/homebrew/bin/packer
2025/06/27 23:26:57 packer-provisioner-file plugin: [INFO] Packer version: 1.12.0 [go1.22.9 darwin arm64]
2025/06/27 23:26:57 packer-provisioner-file plugin: [INFO] PACKER_CONFIG env var not set; checking the default config file path
2025/06/27 23:26:57 packer-provisioner-file plugin: [INFO] PACKER_CONFIG env var set; attempting to open config file: /Users/barneycook/.packerconfig
2025/06/27 23:26:57 packer-provisioner-file plugin: [WARN] Config file doesn't exist: /Users/barneycook/.packerconfig
2025/06/27 23:26:57 packer-provisioner-file plugin: [INFO] Setting cache directory: /Users/barneycook/.cache/packer
2025/06/27 23:26:57 packer-provisioner-file plugin: Plugin address: unix /var/folders/60/djqdr1sn5x5dmwllvmnlf3dc0000gn/T/packer-plugin2179788156
2025/06/27 23:26:57 Received unix RPC address for /opt/homebrew/bin/packer: addr is /var/folders/60/djqdr1sn5x5dmwllvmnlf3dc0000gn/T/packer-plugin2179788156
2025/06/27 23:26:57 packer-provisioner-file plugin: Waiting for connection...
2025/06/27 23:26:57 packer-provisioner-file plugin: Serving a plugin connection...
2025/06/27 23:26:57 packer-provisioner-file plugin: [DEBUG] - common: sending ConfigSpec as gob
2025/06/27 23:26:57 [DEBUG] - common: receiving ConfigSpec as gob
2025/06/27 23:26:57 packer-provisioner-file plugin: [DEBUG] - common: sending ConfigSpec as gob
2025/06/27 23:26:57 [DEBUG] - common: receiving ConfigSpec as gob
2025/06/27 23:26:57 [INFO] Starting external plugin /opt/homebrew/bin/packer execute packer-provisioner-file
2025/06/27 23:26:57 Starting plugin: /opt/homebrew/bin/packer []string{"/opt/homebrew/bin/packer", "execute", "packer-provisioner-file"}
2025/06/27 23:26:57 Waiting for RPC address for: /opt/homebrew/bin/packer
2025/06/27 23:26:57 packer-provisioner-file plugin: [INFO] Packer version: 1.12.0 [go1.22.9 darwin arm64]
2025/06/27 23:26:57 packer-provisioner-file plugin: [INFO] PACKER_CONFIG env var not set; checking the default config file path
2025/06/27 23:26:57 packer-provisioner-file plugin: [INFO] PACKER_CONFIG env var set; attempting to open config file: /Users/barneycook/.packerconfig
2025/06/27 23:26:57 packer-provisioner-file plugin: [WARN] Config file doesn't exist: /Users/barneycook/.packerconfig
2025/06/27 23:26:57 packer-provisioner-file plugin: [INFO] Setting cache directory: /Users/barneycook/.cache/packer
2025/06/27 23:26:57 packer-provisioner-file plugin: Plugin address: unix /var/folders/60/djqdr1sn5x5dmwllvmnlf3dc0000gn/T/packer-plugin2025225940
2025/06/27 23:26:57 packer-provisioner-file plugin: Waiting for connection...
2025/06/27 23:26:57 Received unix RPC address for /opt/homebrew/bin/packer: addr is /var/folders/60/djqdr1sn5x5dmwllvmnlf3dc0000gn/T/packer-plugin2025225940
2025/06/27 23:26:57 packer-provisioner-file plugin: Serving a plugin connection...
2025/06/27 23:26:57 packer-provisioner-file plugin: [DEBUG] - common: sending ConfigSpec as gob
2025/06/27 23:26:57 [DEBUG] - common: receiving ConfigSpec as gob
2025/06/27 23:26:57 packer-provisioner-file plugin: [DEBUG] - common: sending ConfigSpec as gob
2025/06/27 23:26:57 [DEBUG] - common: receiving ConfigSpec as gob
2025/06/27 23:26:57 [INFO] Starting external plugin /opt/homebrew/bin/packer execute packer-provisioner-file
2025/06/27 23:26:57 Starting plugin: /opt/homebrew/bin/packer []string{"/opt/homebrew/bin/packer", "execute", "packer-provisioner-file"}
2025/06/27 23:26:57 Waiting for RPC address for: /opt/homebrew/bin/packer
2025/06/27 23:26:57 packer-provisioner-file plugin: [INFO] Packer version: 1.12.0 [go1.22.9 darwin arm64]
2025/06/27 23:26:57 packer-provisioner-file plugin: [INFO] PACKER_CONFIG env var not set; checking the default config file path
2025/06/27 23:26:57 packer-provisioner-file plugin: [INFO] PACKER_CONFIG env var set; attempting to open config file: /Users/barneycook/.packerconfig
2025/06/27 23:26:57 packer-provisioner-file plugin: [WARN] Config file doesn't exist: /Users/barneycook/.packerconfig
2025/06/27 23:26:57 packer-provisioner-file plugin: [INFO] Setting cache directory: /Users/barneycook/.cache/packer
2025/06/27 23:26:57 packer-provisioner-file plugin: Plugin address: unix /var/folders/60/djqdr1sn5x5dmwllvmnlf3dc0000gn/T/packer-plugin2766633715
2025/06/27 23:26:57 packer-provisioner-file plugin: Waiting for connection...
2025/06/27 23:26:57 Received unix RPC address for /opt/homebrew/bin/packer: addr is /var/folders/60/djqdr1sn5x5dmwllvmnlf3dc0000gn/T/packer-plugin2766633715
2025/06/27 23:26:57 packer-provisioner-file plugin: Serving a plugin connection...
2025/06/27 23:26:57 packer-provisioner-file plugin: [DEBUG] - common: sending ConfigSpec as gob
2025/06/27 23:26:57 [DEBUG] - common: receiving ConfigSpec as gob
2025/06/27 23:26:57 packer-provisioner-file plugin: [DEBUG] - common: sending ConfigSpec as gob
2025/06/27 23:26:57 [DEBUG] - common: receiving ConfigSpec as gob
2025/06/27 23:26:57 [INFO] Starting external plugin /opt/homebrew/bin/packer execute packer-provisioner-file
2025/06/27 23:26:57 Starting plugin: /opt/homebrew/bin/packer []string{"/opt/homebrew/bin/packer", "execute", "packer-provisioner-file"}
2025/06/27 23:26:57 Waiting for RPC address for: /opt/homebrew/bin/packer
2025/06/27 23:26:57 packer-provisioner-file plugin: [INFO] Packer version: 1.12.0 [go1.22.9 darwin arm64]
2025/06/27 23:26:57 packer-provisioner-file plugin: [INFO] PACKER_CONFIG env var not set; checking the default config file path
2025/06/27 23:26:57 packer-provisioner-file plugin: [INFO] PACKER_CONFIG env var set; attempting to open config file: /Users/barneycook/.packerconfig
2025/06/27 23:26:57 packer-provisioner-file plugin: [WARN] Config file doesn't exist: /Users/barneycook/.packerconfig
2025/06/27 23:26:57 packer-provisioner-file plugin: [INFO] Setting cache directory: /Users/barneycook/.cache/packer
2025/06/27 23:26:57 packer-provisioner-file plugin: Plugin address: unix /var/folders/60/djqdr1sn5x5dmwllvmnlf3dc0000gn/T/packer-plugin2802878530
2025/06/27 23:26:57 packer-provisioner-file plugin: Waiting for connection...
2025/06/27 23:26:57 Received unix RPC address for /opt/homebrew/bin/packer: addr is /var/folders/60/djqdr1sn5x5dmwllvmnlf3dc0000gn/T/packer-plugin2802878530
2025/06/27 23:26:57 packer-provisioner-file plugin: Serving a plugin connection...
2025/06/27 23:26:57 packer-provisioner-file plugin: [DEBUG] - common: sending ConfigSpec as gob
2025/06/27 23:26:57 [DEBUG] - common: receiving ConfigSpec as gob
2025/06/27 23:26:57 packer-provisioner-file plugin: [DEBUG] - common: sending ConfigSpec as gob
2025/06/27 23:26:57 [DEBUG] - common: receiving ConfigSpec as gob
2025/06/27 23:26:57 [INFO] Starting external plugin /opt/homebrew/bin/packer execute packer-provisioner-file
2025/06/27 23:26:57 Starting plugin: /opt/homebrew/bin/packer []string{"/opt/homebrew/bin/packer", "execute", "packer-provisioner-file"}
2025/06/27 23:26:57 Waiting for RPC address for: /opt/homebrew/bin/packer
2025/06/27 23:26:57 packer-provisioner-file plugin: [INFO] Packer version: 1.12.0 [go1.22.9 darwin arm64]
2025/06/27 23:26:57 packer-provisioner-file plugin: [INFO] PACKER_CONFIG env var not set; checking the default config file path
2025/06/27 23:26:57 packer-provisioner-file plugin: [INFO] PACKER_CONFIG env var set; attempting to open config file: /Users/barneycook/.packerconfig
2025/06/27 23:26:57 packer-provisioner-file plugin: [WARN] Config file doesn't exist: /Users/barneycook/.packerconfig
2025/06/27 23:26:57 packer-provisioner-file plugin: [INFO] Setting cache directory: /Users/barneycook/.cache/packer
2025/06/27 23:26:57 packer-provisioner-file plugin: Plugin address: unix /var/folders/60/djqdr1sn5x5dmwllvmnlf3dc0000gn/T/packer-plugin162735053
2025/06/27 23:26:57 packer-provisioner-file plugin: Waiting for connection...
2025/06/27 23:26:57 Received unix RPC address for /opt/homebrew/bin/packer: addr is /var/folders/60/djqdr1sn5x5dmwllvmnlf3dc0000gn/T/packer-plugin162735053
2025/06/27 23:26:57 packer-provisioner-file plugin: Serving a plugin connection...
2025/06/27 23:26:57 packer-provisioner-file plugin: [DEBUG] - common: sending ConfigSpec as gob
2025/06/27 23:26:57 [DEBUG] - common: receiving ConfigSpec as gob
2025/06/27 23:26:57 packer-provisioner-file plugin: [DEBUG] - common: sending ConfigSpec as gob
2025/06/27 23:26:57 [DEBUG] - common: receiving ConfigSpec as gob
2025/06/27 23:26:57 [INFO] Starting external plugin /opt/homebrew/bin/packer execute packer-provisioner-shell
2025/06/27 23:26:57 Starting plugin: /opt/homebrew/bin/packer []string{"/opt/homebrew/bin/packer", "execute", "packer-provisioner-shell"}
2025/06/27 23:26:57 Waiting for RPC address for: /opt/homebrew/bin/packer
2025/06/27 23:26:57 packer-provisioner-shell plugin: [INFO] Packer version: 1.12.0 [go1.22.9 darwin arm64]
2025/06/27 23:26:57 packer-provisioner-shell plugin: [INFO] PACKER_CONFIG env var not set; checking the default config file path
2025/06/27 23:26:57 packer-provisioner-shell plugin: [INFO] PACKER_CONFIG env var set; attempting to open config file: /Users/barneycook/.packerconfig
2025/06/27 23:26:57 packer-provisioner-shell plugin: [WARN] Config file doesn't exist: /Users/barneycook/.packerconfig
2025/06/27 23:26:57 packer-provisioner-shell plugin: [INFO] Setting cache directory: /Users/barneycook/.cache/packer
2025/06/27 23:26:57 packer-provisioner-shell plugin: Plugin address: unix /var/folders/60/djqdr1sn5x5dmwllvmnlf3dc0000gn/T/packer-plugin621349082
2025/06/27 23:26:57 packer-provisioner-shell plugin: Waiting for connection...
2025/06/27 23:26:57 Received unix RPC address for /opt/homebrew/bin/packer: addr is /var/folders/60/djqdr1sn5x5dmwllvmnlf3dc0000gn/T/packer-plugin621349082
2025/06/27 23:26:57 packer-provisioner-shell plugin: Serving a plugin connection...
2025/06/27 23:26:57 packer-provisioner-shell plugin: [DEBUG] - common: sending ConfigSpec as gob
2025/06/27 23:26:57 [DEBUG] - common: receiving ConfigSpec as gob
2025/06/27 23:26:57 packer-provisioner-shell plugin: [DEBUG] - common: sending ConfigSpec as gob
2025/06/27 23:26:57 [DEBUG] - common: receiving ConfigSpec as gob
2025/06/27 23:26:57 Build debug mode: false
2025/06/27 23:26:57 Force build: true
2025/06/27 23:26:57 On error: 
2025/06/27 23:26:57 Waiting on builds to complete...
2025/06/27 23:26:57 Starting build run: nix-packer-ubuntu.amazon-ebs.ubuntu
2025/06/27 23:26:57 Running builder: amazon-ebs
2025/06/27 23:26:57 [INFO] (telemetry) Starting builder amazon-ebs.ubuntu
[1;32mnix-packer-ubuntu.amazon-ebs.ubuntu: output will be in this color.[0m

2025/06/27 23:26:57 packer-plugin-amazon_v1.3.4_x5.0_darwin_arm64 plugin: 2025/06/27 23:26:57 [INFO] AWS Auth provider used: "SharedCredentialsProvider"
2025/06/27 23:26:57 packer-plugin-amazon_v1.3.4_x5.0_darwin_arm64 plugin: 2025/06/27 23:26:57 Found region us-east-1
2025/06/27 23:26:57 packer-plugin-amazon_v1.3.4_x5.0_darwin_arm64 plugin: 2025/06/27 23:26:57 [INFO] AWS Auth provider used: "SharedCredentialsProvider"
[1;32m2025-06-27T23:26:58+01:00: ==> nix-packer-ubuntu.amazon-ebs.ubuntu: Force Deregister flag found, skipping prevalidating AMI Name[0m
2025/06/27 23:26:58 packer-plugin-amazon_v1.3.4_x5.0_darwin_arm64 plugin: 2025/06/27 23:26:58 Using AMI Filters {
2025/06/27 23:26:58 packer-plugin-amazon_v1.3.4_x5.0_darwin_arm64 plugin:   Filters: [{
2025/06/27 23:26:58 packer-plugin-amazon_v1.3.4_x5.0_darwin_arm64 plugin:       Name: "name",
2025/06/27 23:26:58 packer-plugin-amazon_v1.3.4_x5.0_darwin_arm64 plugin:       Values: ["capitala-project-ami--stage-1"]
2025/06/27 23:26:58 packer-plugin-amazon_v1.3.4_x5.0_darwin_arm64 plugin:     },{
2025/06/27 23:26:58 packer-plugin-amazon_v1.3.4_x5.0_darwin_arm64 plugin:       Name: "root-device-type",
2025/06/27 23:26:58 packer-plugin-amazon_v1.3.4_x5.0_darwin_arm64 plugin:       Values: ["ebs"]
2025/06/27 23:26:58 packer-plugin-amazon_v1.3.4_x5.0_darwin_arm64 plugin:     },{
2025/06/27 23:26:58 packer-plugin-amazon_v1.3.4_x5.0_darwin_arm64 plugin:       Name: "virtualization-type",
2025/06/27 23:26:58 packer-plugin-amazon_v1.3.4_x5.0_darwin_arm64 plugin:       Values: ["hvm"]
2025/06/27 23:26:58 packer-plugin-amazon_v1.3.4_x5.0_darwin_arm64 plugin:     }],
2025/06/27 23:26:58 packer-plugin-amazon_v1.3.4_x5.0_darwin_arm64 plugin:   IncludeDeprecated: false,
2025/06/27 23:26:58 packer-plugin-amazon_v1.3.4_x5.0_darwin_arm64 plugin:   Owners: ["amazon","self"]
2025/06/27 23:26:58 packer-plugin-amazon_v1.3.4_x5.0_darwin_arm64 plugin: }
==> nix-packer-ubuntu.amazon-ebs.ubuntu:   Filters: [{
==> nix-packer-ubuntu.amazon-ebs.ubuntu:       Name: "name",
==> nix-packer-ubuntu.amazon-ebs.ubuntu:       Values: ["capitala-project-ami--stage-1"]
==> nix-packer-ubuntu.amazon-ebs.ubuntu:     },{
==> nix-packer-ubuntu.amazon-ebs.ubuntu:       Name: "root-device-type",
==> nix-packer-ubuntu.amazon-ebs.ubuntu:       Values: ["ebs"]
==> nix-packer-ubuntu.amazon-ebs.ubuntu:     },{
==> nix-packer-ubuntu.amazon-ebs.ubuntu:       Name: "virtualization-type",
==> nix-packer-ubuntu.amazon-ebs.ubuntu:       Values: ["hvm"]
==> nix-packer-ubuntu.amazon-ebs.ubuntu:     }],
==> nix-packer-ubuntu.amazon-ebs.ubuntu:   IncludeDeprecated: false,
==> nix-packer-ubuntu.amazon-ebs.ubuntu:   Owners: ["amazon","self"]
==> nix-packer-ubuntu.amazon-ebs.ubuntu: }[0m
[1;31m2025-06-27T23:26:58+01:00: ==> nix-packer-ubuntu.amazon-ebs.ubuntu: No AMI was found matching filters: {
==> nix-packer-ubuntu.amazon-ebs.ubuntu:   Filters: [{
==> nix-packer-ubuntu.amazon-ebs.ubuntu:       Name: "name",
2025/06/27 23:26:58 [INFO] (telemetry) ending amazon-ebs.ubuntu
==> nix-packer-ubuntu.amazon-ebs.ubuntu:       Values: ["capitala-project-ami--stage-1"]
==> nix-packer-ubuntu.amazon-ebs.ubuntu:     },{
==> nix-packer-ubuntu.amazon-ebs.ubuntu:       Name: "root-device-type",
  Filters: [{
      Name: "name",
      Values: ["capitala-project-ami--stage-1"]
    },{
      Name: "root-device-type",
      Values: ["ebs"]
    },{
      Name: "virtualization-type",
      Values: ["hvm"]
    }],
  IncludeDeprecated: false,
  Owners: ["amazon","self"]
}[0m
==> Wait completed after 939 milliseconds 92 microseconds
2025/06/27 23:26:58 machine readable: error-count []string{"1"}
==> Some builds didn't complete successfully and had errors:
==> nix-packer-ubuntu.amazon-ebs.ubuntu:       Values: ["ebs"]
2025/06/27 23:26:58 machine readable: nix-packer-ubuntu.amazon-ebs.ubuntu,error []string{"No AMI was found matching filters: {\n  Filters: [{\n      Name: \"name\",\n      Values: [\"capitala-project-ami--stage-1\"]\n    },{\n      Name: \"root-device-type\",\n      Values: [\"ebs\"]\n    },{\n      Name: \"virtualization-type\",\n      Values: [\"hvm\"]\n    }],\n  IncludeDeprecated: false,\n  Owners: [\"amazon\",\"self\"]\n}"}
  Filters: [{
      Name: "name",
      Values: ["capitala-project-ami--stage-1"]
    },{
      Name: "root-device-type",
      Values: ["ebs"]
    },{
      Name: "virtualization-type",
      Values: ["hvm"]
    }],
  IncludeDeprecated: false,
  Owners: ["amazon","self"]
}
==> Builds finished but no artifacts were created.
==> nix-packer-ubuntu.amazon-ebs.ubuntu:     },{
2025/06/27 23:26:58 [INFO] (telemetry) Finalizing.
==> nix-packer-ubuntu.amazon-ebs.ubuntu:       Name: "virtualization-type",
==> nix-packer-ubuntu.amazon-ebs.ubuntu:       Values: ["hvm"]
==> nix-packer-ubuntu.amazon-ebs.ubuntu:     }],
==> nix-packer-ubuntu.amazon-ebs.ubuntu:   IncludeDeprecated: false,
==> nix-packer-ubuntu.amazon-ebs.ubuntu:   Owners: ["amazon","self"]
==> nix-packer-ubuntu.amazon-ebs.ubuntu: }[0m
[1;31m2025-06-27T23:26:58+01:00: Build 'nix-packer-ubuntu.amazon-ebs.ubuntu' errored after 938 milliseconds 869 microseconds: No AMI was found matching filters: {
  Filters: [{
      Name: "name",
      Values: ["capitala-project-ami--stage-1"]
    },{
      Name: "root-device-type",
      Values: ["ebs"]
    },{
      Name: "virtualization-type",
      Values: ["hvm"]
    }],
  IncludeDeprecated: false,
  Owners: ["amazon","self"]
}[0m

==> Wait completed after 939 milliseconds 92 microseconds

==> Some builds didn't complete successfully and had errors:
--> nix-packer-ubuntu.amazon-ebs.ubuntu: No AMI was found matching filters: {
  Filters: [{
      Name: "name",
      Values: ["capitala-project-ami--stage-1"]
    },{
      Name: "root-device-type",
      Values: ["ebs"]
    },{
      Name: "virtualization-type",
      Values: ["hvm"]
    }],
  IncludeDeprecated: false,
  Owners: ["amazon","self"]
}

==> Builds finished but no artifacts were created.
2025/06/27 23:26:59 waiting for all plugin processes to complete...
2025/06/27 23:26:59 /opt/homebrew/bin/packer: plugin process exited
2025/06/27 23:26:59 /opt/homebrew/bin/packer: plugin process exited
2025/06/27 23:26:59 /Users/barneycook/.config/packer/plugins/github.com/hashicorp/amazon/packer-plugin-amazon_v1.3.4_x5.0_darwin_arm64: plugin process exited
2025/06/27 23:26:59 /opt/homebrew/bin/packer: plugin process exited
2025/06/27 23:26:59 /opt/homebrew/bin/packer: plugin process exited
2025/06/27 23:26:59 /opt/homebrew/bin/packer: plugin process exited
2025/06/27 23:26:59 /opt/homebrew/bin/packer: plugin process exited
2025/06/27 23:26:59 /opt/homebrew/bin/packer: plugin process exited
2025/06/27 23:26:59 /opt/homebrew/bin/packer: plugin process exited
2025/06/27 23:26:59 /opt/homebrew/bin/packer: plugin process exited
