2025/06/24 13:50:22 [INFO] Packer version: 1.12.0 [go1.22.9 darwin arm64]
2025/06/24 13:50:22 [INFO] PACKER_CONFIG env var not set; checking the default config file path
2025/06/24 13:50:22 [INFO] PACKER_CONFIG env var set; attempting to open config file: /Users/barneycook/.packerconfig
2025/06/24 13:50:22 [WARN] Config file doesn't exist: /Users/barneycook/.packerconfig
2025/06/24 13:50:22 [INFO] Setting cache directory: /Users/barneycook/.cache/packer
2025/06/24 13:50:22 [TRACE] listing potential installations for "github.com/hashicorp/amazon" that match ">= 0.0.2". plugingetter.ListInstallationsOptions{PluginDirectory:"/Users/barneycook/.config/packer/plugins", BinaryInstallationOptions:plugingetter.BinaryInstallationOptions{APIVersionMajor:"5", APIVersionMinor:"0", OS:"darwin", ARCH:"arm64", Ext:"", Checksummers:[]plugingetter.Checksummer{plugingetter.Checksummer{Type:"sha256", Hash:(*sha256.digest)(0x1400071a080)}}, ReleasesOnly:false}}
2025/06/24 13:50:22 [TRACE] Found the following "github.com/hashicorp/amazon" installations: [{/Users/barneycook/.config/packer/plugins/github.com/hashicorp/amazon/packer-plugin-amazon_v1.3.4_x5.0_darwin_arm64 v1.3.4 x5.0}]
2025/06/24 13:50:22 [INFO] found external [chroot ebs ebssurrogate ebsvolume instance] builders from amazon plugin
2025/06/24 13:50:22 [INFO] found external [import] post-processors from amazon plugin
2025/06/24 13:50:22 found external [ami parameterstore secretsmanager] datasource from amazon plugin
2025/06/24 13:50:22 plugin "/Users/barneycook/.config/packer/plugins/github.com/hashicorp/amazon/packer-plugin-amazon_v1.3.4_x5.0_darwin_arm64" does not support Protobuf, forcing use of Gob
2025/06/24 13:50:22 [TRACE] listing potential installations for <nil> that match "". plugingetter.ListInstallationsOptions{PluginDirectory:"/Users/barneycook/.config/packer/plugins", BinaryInstallationOptions:plugingetter.BinaryInstallationOptions{APIVersionMajor:"5", APIVersionMinor:"0", OS:"darwin", ARCH:"arm64", Ext:"", Checksummers:[]plugingetter.Checksummer{plugingetter.Checksummer{Type:"sha256", Hash:(*sha256.digest)(0x14000056c00)}}, ReleasesOnly:false}}
2025/06/24 13:50:22 [INFO] found external [chroot ebs ebssurrogate ebsvolume instance] builders from amazon plugin
2025/06/24 13:50:22 [INFO] found external [import] post-processors from amazon plugin
2025/06/24 13:50:22 found external [ami parameterstore secretsmanager] datasource from amazon plugin
2025/06/24 13:50:22 [TRACE] validateValue: not active for git_sha, so skipping
2025/06/24 13:50:22 [TRACE] validateValue: not active for profile, so skipping
2025/06/24 13:50:22 [TRACE] validateValue: not active for ami_regions, so skipping
2025/06/24 13:50:22 [TRACE] validateValue: not active for region, so skipping
2025/06/24 13:50:22 [TRACE] validateValue: not active for ami_name, so skipping
2025/06/24 13:50:22 [TRACE] validateValue: not active for postgres-version, so skipping
2025/06/24 13:50:22 [TRACE] validateValue: not active for git-head-version, so skipping
2025/06/24 13:50:22 [TRACE] validateValue: not active for environment, so skipping
2025/06/24 13:50:22 [TRACE] validateValue: not active for postgres_major_version, so skipping
2025/06/24 13:50:22 [TRACE] validateValue: not active for git_commit_sha, so skipping
2025/06/24 13:50:22 [TRACE] validateValue: not active for packer-execution-id, so skipping
2025/06/24 13:50:22 [TRACE] validateValue: not active for force-deregister, so skipping
2025/06/24 13:50:22 [INFO] Starting external plugin /Users/barneycook/.config/packer/plugins/github.com/hashicorp/amazon/packer-plugin-amazon_v1.3.4_x5.0_darwin_arm64 start builder ebs
2025/06/24 13:50:22 Starting plugin: /Users/barneycook/.config/packer/plugins/github.com/hashicorp/amazon/packer-plugin-amazon_v1.3.4_x5.0_darwin_arm64 []string{"/Users/barneycook/.config/packer/plugins/github.com/hashicorp/amazon/packer-plugin-amazon_v1.3.4_x5.0_darwin_arm64", "start", "builder", "ebs"}
2025/06/24 13:50:22 Waiting for RPC address for: /Users/barneycook/.config/packer/plugins/github.com/hashicorp/amazon/packer-plugin-amazon_v1.3.4_x5.0_darwin_arm64
2025/06/24 13:50:22 packer-plugin-amazon_v1.3.4_x5.0_darwin_arm64 plugin: 2025/06/24 13:50:22 Plugin address: unix /var/folders/60/djqdr1sn5x5dmwllvmnlf3dc0000gn/T/packer-plugin2340313171
2025/06/24 13:50:22 packer-plugin-amazon_v1.3.4_x5.0_darwin_arm64 plugin: 2025/06/24 13:50:22 Waiting for connection...
2025/06/24 13:50:22 Received unix RPC address for /Users/barneycook/.config/packer/plugins/github.com/hashicorp/amazon/packer-plugin-amazon_v1.3.4_x5.0_darwin_arm64: addr is /var/folders/60/djqdr1sn5x5dmwllvmnlf3dc0000gn/T/packer-plugin2340313171
2025/06/24 13:50:22 packer-plugin-amazon_v1.3.4_x5.0_darwin_arm64 plugin: 2025/06/24 13:50:22 Serving a plugin connection...
2025/06/24 13:50:22 packer-plugin-amazon_v1.3.4_x5.0_darwin_arm64 plugin: 2025/06/24 13:50:22 [TRACE] starting builder ebs
2025/06/24 13:50:22 [DEBUG] - common: receiving ConfigSpec as gob
2025/06/24 13:50:22 packer-plugin-amazon_v1.3.4_x5.0_darwin_arm64 plugin: 2025/06/24 13:50:22 [INFO] (aws): No AWS timeout and polling overrides have been set. Packer will default to waiter-specific delays and timeouts. If you would like to customize the length of time between retries and max number of retries you may do so by setting the environment variables AWS_POLL_DELAY_SECONDS and AWS_MAX_ATTEMPTS or the configuration options aws_polling_delay_seconds and aws_polling_max_attempts to your desired values.
2025/06/24 13:50:22 [DEBUG] - common: receiving ConfigSpec as gob
2025/06/24 13:50:22 [INFO] Starting external plugin /opt/homebrew/bin/packer execute packer-provisioner-shell
2025/06/24 13:50:22 Starting plugin: /opt/homebrew/bin/packer []string{"/opt/homebrew/bin/packer", "execute", "packer-provisioner-shell"}
2025/06/24 13:50:22 Waiting for RPC address for: /opt/homebrew/bin/packer
2025/06/24 13:50:22 packer-provisioner-shell plugin: [INFO] Packer version: 1.12.0 [go1.22.9 darwin arm64]
2025/06/24 13:50:22 packer-provisioner-shell plugin: [INFO] PACKER_CONFIG env var not set; checking the default config file path
2025/06/24 13:50:22 packer-provisioner-shell plugin: [INFO] PACKER_CONFIG env var set; attempting to open config file: /Users/barneycook/.packerconfig
2025/06/24 13:50:22 packer-provisioner-shell plugin: [WARN] Config file doesn't exist: /Users/barneycook/.packerconfig
2025/06/24 13:50:22 packer-provisioner-shell plugin: [INFO] Setting cache directory: /Users/barneycook/.cache/packer
2025/06/24 13:50:22 packer-provisioner-shell plugin: Plugin address: unix /var/folders/60/djqdr1sn5x5dmwllvmnlf3dc0000gn/T/packer-plugin2436010938
2025/06/24 13:50:22 packer-provisioner-shell plugin: Waiting for connection...
2025/06/24 13:50:22 Received unix RPC address for /opt/homebrew/bin/packer: addr is /var/folders/60/djqdr1sn5x5dmwllvmnlf3dc0000gn/T/packer-plugin2436010938
2025/06/24 13:50:22 packer-provisioner-shell plugin: Serving a plugin connection...
2025/06/24 13:50:22 packer-provisioner-shell plugin: [DEBUG] - common: sending ConfigSpec as gob
2025/06/24 13:50:22 [DEBUG] - common: receiving ConfigSpec as gob
2025/06/24 13:50:22 packer-provisioner-shell plugin: [DEBUG] - common: sending ConfigSpec as gob
2025/06/24 13:50:22 [DEBUG] - common: receiving ConfigSpec as gob
2025/06/24 13:50:22 [INFO] Starting external plugin /opt/homebrew/bin/packer execute packer-provisioner-file
2025/06/24 13:50:22 Starting plugin: /opt/homebrew/bin/packer []string{"/opt/homebrew/bin/packer", "execute", "packer-provisioner-file"}
2025/06/24 13:50:22 Waiting for RPC address for: /opt/homebrew/bin/packer
2025/06/24 13:50:22 packer-provisioner-file plugin: [INFO] Packer version: 1.12.0 [go1.22.9 darwin arm64]
2025/06/24 13:50:22 packer-provisioner-file plugin: [INFO] PACKER_CONFIG env var not set; checking the default config file path
2025/06/24 13:50:22 packer-provisioner-file plugin: [INFO] PACKER_CONFIG env var set; attempting to open config file: /Users/barneycook/.packerconfig
2025/06/24 13:50:22 packer-provisioner-file plugin: [WARN] Config file doesn't exist: /Users/barneycook/.packerconfig
2025/06/24 13:50:22 packer-provisioner-file plugin: [INFO] Setting cache directory: /Users/barneycook/.cache/packer
2025/06/24 13:50:22 packer-provisioner-file plugin: Plugin address: unix /var/folders/60/djqdr1sn5x5dmwllvmnlf3dc0000gn/T/packer-plugin1792416042
2025/06/24 13:50:22 packer-provisioner-file plugin: Waiting for connection...
2025/06/24 13:50:22 Received unix RPC address for /opt/homebrew/bin/packer: addr is /var/folders/60/djqdr1sn5x5dmwllvmnlf3dc0000gn/T/packer-plugin1792416042
2025/06/24 13:50:22 packer-provisioner-file plugin: Serving a plugin connection...
2025/06/24 13:50:22 packer-provisioner-file plugin: [DEBUG] - common: sending ConfigSpec as gob
2025/06/24 13:50:22 [DEBUG] - common: receiving ConfigSpec as gob
2025/06/24 13:50:22 packer-provisioner-file plugin: [DEBUG] - common: sending ConfigSpec as gob
2025/06/24 13:50:22 [DEBUG] - common: receiving ConfigSpec as gob
2025/06/24 13:50:22 [INFO] Starting external plugin /opt/homebrew/bin/packer execute packer-provisioner-file
2025/06/24 13:50:22 Starting plugin: /opt/homebrew/bin/packer []string{"/opt/homebrew/bin/packer", "execute", "packer-provisioner-file"}
2025/06/24 13:50:22 Waiting for RPC address for: /opt/homebrew/bin/packer
2025/06/24 13:50:22 packer-provisioner-file plugin: [INFO] Packer version: 1.12.0 [go1.22.9 darwin arm64]
2025/06/24 13:50:22 packer-provisioner-file plugin: [INFO] PACKER_CONFIG env var not set; checking the default config file path
2025/06/24 13:50:22 packer-provisioner-file plugin: [INFO] PACKER_CONFIG env var set; attempting to open config file: /Users/barneycook/.packerconfig
2025/06/24 13:50:22 packer-provisioner-file plugin: [WARN] Config file doesn't exist: /Users/barneycook/.packerconfig
2025/06/24 13:50:22 packer-provisioner-file plugin: [INFO] Setting cache directory: /Users/barneycook/.cache/packer
2025/06/24 13:50:22 Received unix RPC address for /opt/homebrew/bin/packer: addr is /var/folders/60/djqdr1sn5x5dmwllvmnlf3dc0000gn/T/packer-plugin2854105282
2025/06/24 13:50:22 packer-provisioner-file plugin: Plugin address: unix /var/folders/60/djqdr1sn5x5dmwllvmnlf3dc0000gn/T/packer-plugin2854105282
2025/06/24 13:50:22 packer-provisioner-file plugin: Waiting for connection...
2025/06/24 13:50:22 packer-provisioner-file plugin: Serving a plugin connection...
2025/06/24 13:50:22 packer-provisioner-file plugin: [DEBUG] - common: sending ConfigSpec as gob
2025/06/24 13:50:22 [DEBUG] - common: receiving ConfigSpec as gob
2025/06/24 13:50:22 packer-provisioner-file plugin: [DEBUG] - common: sending ConfigSpec as gob
2025/06/24 13:50:22 [DEBUG] - common: receiving ConfigSpec as gob
2025/06/24 13:50:22 [INFO] Starting external plugin /opt/homebrew/bin/packer execute packer-provisioner-file
2025/06/24 13:50:22 Starting plugin: /opt/homebrew/bin/packer []string{"/opt/homebrew/bin/packer", "execute", "packer-provisioner-file"}
2025/06/24 13:50:22 Waiting for RPC address for: /opt/homebrew/bin/packer
2025/06/24 13:50:22 packer-provisioner-file plugin: [INFO] Packer version: 1.12.0 [go1.22.9 darwin arm64]
2025/06/24 13:50:22 packer-provisioner-file plugin: [INFO] PACKER_CONFIG env var not set; checking the default config file path
2025/06/24 13:50:22 packer-provisioner-file plugin: [INFO] PACKER_CONFIG env var set; attempting to open config file: /Users/barneycook/.packerconfig
2025/06/24 13:50:22 packer-provisioner-file plugin: [WARN] Config file doesn't exist: /Users/barneycook/.packerconfig
2025/06/24 13:50:22 packer-provisioner-file plugin: [INFO] Setting cache directory: /Users/barneycook/.cache/packer
2025/06/24 13:50:22 packer-provisioner-file plugin: Plugin address: unix /var/folders/60/djqdr1sn5x5dmwllvmnlf3dc0000gn/T/packer-plugin622529002
2025/06/24 13:50:22 packer-provisioner-file plugin: Waiting for connection...
2025/06/24 13:50:22 Received unix RPC address for /opt/homebrew/bin/packer: addr is /var/folders/60/djqdr1sn5x5dmwllvmnlf3dc0000gn/T/packer-plugin622529002
2025/06/24 13:50:22 packer-provisioner-file plugin: Serving a plugin connection...
2025/06/24 13:50:22 packer-provisioner-file plugin: [DEBUG] - common: sending ConfigSpec as gob
2025/06/24 13:50:22 [DEBUG] - common: receiving ConfigSpec as gob
2025/06/24 13:50:22 packer-provisioner-file plugin: [DEBUG] - common: sending ConfigSpec as gob
2025/06/24 13:50:22 [DEBUG] - common: receiving ConfigSpec as gob
2025/06/24 13:50:22 [INFO] Starting external plugin /opt/homebrew/bin/packer execute packer-provisioner-file
2025/06/24 13:50:22 Starting plugin: /opt/homebrew/bin/packer []string{"/opt/homebrew/bin/packer", "execute", "packer-provisioner-file"}
2025/06/24 13:50:22 Waiting for RPC address for: /opt/homebrew/bin/packer
2025/06/24 13:50:22 packer-provisioner-file plugin: [INFO] Packer version: 1.12.0 [go1.22.9 darwin arm64]
2025/06/24 13:50:22 packer-provisioner-file plugin: [INFO] PACKER_CONFIG env var not set; checking the default config file path
2025/06/24 13:50:22 packer-provisioner-file plugin: [INFO] PACKER_CONFIG env var set; attempting to open config file: /Users/barneycook/.packerconfig
2025/06/24 13:50:22 packer-provisioner-file plugin: [WARN] Config file doesn't exist: /Users/barneycook/.packerconfig
2025/06/24 13:50:22 packer-provisioner-file plugin: [INFO] Setting cache directory: /Users/barneycook/.cache/packer
2025/06/24 13:50:22 packer-provisioner-file plugin: Plugin address: unix /var/folders/60/djqdr1sn5x5dmwllvmnlf3dc0000gn/T/packer-plugin311355839
2025/06/24 13:50:22 packer-provisioner-file plugin: Waiting for connection...
2025/06/24 13:50:22 Received unix RPC address for /opt/homebrew/bin/packer: addr is /var/folders/60/djqdr1sn5x5dmwllvmnlf3dc0000gn/T/packer-plugin311355839
2025/06/24 13:50:22 packer-provisioner-file plugin: Serving a plugin connection...
2025/06/24 13:50:22 packer-provisioner-file plugin: [DEBUG] - common: sending ConfigSpec as gob
2025/06/24 13:50:22 [DEBUG] - common: receiving ConfigSpec as gob
2025/06/24 13:50:22 packer-provisioner-file plugin: [DEBUG] - common: sending ConfigSpec as gob
2025/06/24 13:50:22 [DEBUG] - common: receiving ConfigSpec as gob
2025/06/24 13:50:22 [INFO] Starting external plugin /opt/homebrew/bin/packer execute packer-provisioner-file
2025/06/24 13:50:22 Starting plugin: /opt/homebrew/bin/packer []string{"/opt/homebrew/bin/packer", "execute", "packer-provisioner-file"}
2025/06/24 13:50:22 Waiting for RPC address for: /opt/homebrew/bin/packer
2025/06/24 13:50:22 packer-provisioner-file plugin: [INFO] Packer version: 1.12.0 [go1.22.9 darwin arm64]
2025/06/24 13:50:22 packer-provisioner-file plugin: [INFO] PACKER_CONFIG env var not set; checking the default config file path
2025/06/24 13:50:22 packer-provisioner-file plugin: [INFO] PACKER_CONFIG env var set; attempting to open config file: /Users/barneycook/.packerconfig
2025/06/24 13:50:22 packer-provisioner-file plugin: [WARN] Config file doesn't exist: /Users/barneycook/.packerconfig
2025/06/24 13:50:22 packer-provisioner-file plugin: [INFO] Setting cache directory: /Users/barneycook/.cache/packer
2025/06/24 13:50:22 packer-provisioner-file plugin: Plugin address: unix /var/folders/60/djqdr1sn5x5dmwllvmnlf3dc0000gn/T/packer-plugin3588478227
2025/06/24 13:50:22 packer-provisioner-file plugin: Waiting for connection...
2025/06/24 13:50:22 Received unix RPC address for /opt/homebrew/bin/packer: addr is /var/folders/60/djqdr1sn5x5dmwllvmnlf3dc0000gn/T/packer-plugin3588478227
2025/06/24 13:50:22 packer-provisioner-file plugin: Serving a plugin connection...
2025/06/24 13:50:22 packer-provisioner-file plugin: [DEBUG] - common: sending ConfigSpec as gob
2025/06/24 13:50:22 [DEBUG] - common: receiving ConfigSpec as gob
2025/06/24 13:50:23 packer-provisioner-file plugin: [DEBUG] - common: sending ConfigSpec as gob
2025/06/24 13:50:23 [DEBUG] - common: receiving ConfigSpec as gob
2025/06/24 13:50:23 [INFO] Starting external plugin /opt/homebrew/bin/packer execute packer-provisioner-file
2025/06/24 13:50:23 Starting plugin: /opt/homebrew/bin/packer []string{"/opt/homebrew/bin/packer", "execute", "packer-provisioner-file"}
2025/06/24 13:50:23 Waiting for RPC address for: /opt/homebrew/bin/packer
2025/06/24 13:50:23 packer-provisioner-file plugin: [INFO] Packer version: 1.12.0 [go1.22.9 darwin arm64]
2025/06/24 13:50:23 packer-provisioner-file plugin: [INFO] PACKER_CONFIG env var not set; checking the default config file path
2025/06/24 13:50:23 packer-provisioner-file plugin: [INFO] PACKER_CONFIG env var set; attempting to open config file: /Users/barneycook/.packerconfig
2025/06/24 13:50:23 packer-provisioner-file plugin: [WARN] Config file doesn't exist: /Users/barneycook/.packerconfig
2025/06/24 13:50:23 packer-provisioner-file plugin: [INFO] Setting cache directory: /Users/barneycook/.cache/packer
2025/06/24 13:50:23 packer-provisioner-file plugin: Plugin address: unix /var/folders/60/djqdr1sn5x5dmwllvmnlf3dc0000gn/T/packer-plugin68720499
2025/06/24 13:50:23 packer-provisioner-file plugin: Waiting for connection...
2025/06/24 13:50:23 Received unix RPC address for /opt/homebrew/bin/packer: addr is /var/folders/60/djqdr1sn5x5dmwllvmnlf3dc0000gn/T/packer-plugin68720499
2025/06/24 13:50:23 packer-provisioner-file plugin: Serving a plugin connection...
2025/06/24 13:50:23 packer-provisioner-file plugin: [DEBUG] - common: sending ConfigSpec as gob
2025/06/24 13:50:23 [DEBUG] - common: receiving ConfigSpec as gob
2025/06/24 13:50:23 packer-provisioner-file plugin: [DEBUG] - common: sending ConfigSpec as gob
2025/06/24 13:50:23 [DEBUG] - common: receiving ConfigSpec as gob
2025/06/24 13:50:23 [INFO] Starting external plugin /opt/homebrew/bin/packer execute packer-provisioner-file
2025/06/24 13:50:23 Starting plugin: /opt/homebrew/bin/packer []string{"/opt/homebrew/bin/packer", "execute", "packer-provisioner-file"}
2025/06/24 13:50:23 Waiting for RPC address for: /opt/homebrew/bin/packer
2025/06/24 13:50:23 packer-provisioner-file plugin: [INFO] Packer version: 1.12.0 [go1.22.9 darwin arm64]
2025/06/24 13:50:23 packer-provisioner-file plugin: [INFO] PACKER_CONFIG env var not set; checking the default config file path
2025/06/24 13:50:23 packer-provisioner-file plugin: [INFO] PACKER_CONFIG env var set; attempting to open config file: /Users/barneycook/.packerconfig
2025/06/24 13:50:23 packer-provisioner-file plugin: [WARN] Config file doesn't exist: /Users/barneycook/.packerconfig
2025/06/24 13:50:23 packer-provisioner-file plugin: [INFO] Setting cache directory: /Users/barneycook/.cache/packer
2025/06/24 13:50:23 packer-provisioner-file plugin: Plugin address: unix /var/folders/60/djqdr1sn5x5dmwllvmnlf3dc0000gn/T/packer-plugin1367910588
2025/06/24 13:50:23 packer-provisioner-file plugin: Waiting for connection...
2025/06/24 13:50:23 Received unix RPC address for /opt/homebrew/bin/packer: addr is /var/folders/60/djqdr1sn5x5dmwllvmnlf3dc0000gn/T/packer-plugin1367910588
2025/06/24 13:50:23 packer-provisioner-file plugin: Serving a plugin connection...
2025/06/24 13:50:23 packer-provisioner-file plugin: [DEBUG] - common: sending ConfigSpec as gob
2025/06/24 13:50:23 [DEBUG] - common: receiving ConfigSpec as gob
2025/06/24 13:50:23 packer-provisioner-file plugin: [DEBUG] - common: sending ConfigSpec as gob
2025/06/24 13:50:23 [DEBUG] - common: receiving ConfigSpec as gob
2025/06/24 13:50:23 [INFO] Starting external plugin /opt/homebrew/bin/packer execute packer-provisioner-shell
2025/06/24 13:50:23 Starting plugin: /opt/homebrew/bin/packer []string{"/opt/homebrew/bin/packer", "execute", "packer-provisioner-shell"}
2025/06/24 13:50:23 Waiting for RPC address for: /opt/homebrew/bin/packer
2025/06/24 13:50:23 packer-provisioner-shell plugin: [INFO] Packer version: 1.12.0 [go1.22.9 darwin arm64]
2025/06/24 13:50:23 packer-provisioner-shell plugin: [INFO] PACKER_CONFIG env var not set; checking the default config file path
2025/06/24 13:50:23 packer-provisioner-shell plugin: [INFO] PACKER_CONFIG env var set; attempting to open config file: /Users/barneycook/.packerconfig
2025/06/24 13:50:23 packer-provisioner-shell plugin: [WARN] Config file doesn't exist: /Users/barneycook/.packerconfig
2025/06/24 13:50:23 packer-provisioner-shell plugin: [INFO] Setting cache directory: /Users/barneycook/.cache/packer
2025/06/24 13:50:23 packer-provisioner-shell plugin: Plugin address: unix /var/folders/60/djqdr1sn5x5dmwllvmnlf3dc0000gn/T/packer-plugin3949688806
2025/06/24 13:50:23 packer-provisioner-shell plugin: Waiting for connection...
2025/06/24 13:50:23 Received unix RPC address for /opt/homebrew/bin/packer: addr is /var/folders/60/djqdr1sn5x5dmwllvmnlf3dc0000gn/T/packer-plugin3949688806
2025/06/24 13:50:23 packer-provisioner-shell plugin: Serving a plugin connection...
2025/06/24 13:50:23 packer-provisioner-shell plugin: [DEBUG] - common: sending ConfigSpec as gob
2025/06/24 13:50:23 [DEBUG] - common: receiving ConfigSpec as gob
2025/06/24 13:50:23 packer-provisioner-shell plugin: [DEBUG] - common: sending ConfigSpec as gob
2025/06/24 13:50:23 [DEBUG] - common: receiving ConfigSpec as gob
2025/06/24 13:50:23 Build debug mode: false
2025/06/24 13:50:23 Force build: true
2025/06/24 13:50:23 On error: 
2025/06/24 13:50:23 Waiting on builds to complete...
[1;32mnix-packer-ubuntu.amazon-ebs.ubuntu: output will be in this color.[0m

2025/06/24 13:50:23 Starting build run: nix-packer-ubuntu.amazon-ebs.ubuntu
2025/06/24 13:50:23 Running builder: amazon-ebs
2025/06/24 13:50:23 [INFO] (telemetry) Starting builder amazon-ebs.ubuntu
2025/06/24 13:50:23 packer-plugin-amazon_v1.3.4_x5.0_darwin_arm64 plugin: 2025/06/24 13:50:23 [INFO] AWS Auth provider used: "SharedCredentialsProvider"
2025/06/24 13:50:23 packer-plugin-amazon_v1.3.4_x5.0_darwin_arm64 plugin: 2025/06/24 13:50:23 Found region us-east-1
2025/06/24 13:50:23 packer-plugin-amazon_v1.3.4_x5.0_darwin_arm64 plugin: 2025/06/24 13:50:23 [INFO] AWS Auth provider used: "SharedCredentialsProvider"
[1;32m2025-06-24T13:50:23+01:00: ==> nix-packer-ubuntu.amazon-ebs.ubuntu: Force Deregister flag found, skipping prevalidating AMI Name[0m
2025/06/24 13:50:23 packer-plugin-amazon_v1.3.4_x5.0_darwin_arm64 plugin: 2025/06/24 13:50:23 Using AMI Filters {
2025/06/24 13:50:23 packer-plugin-amazon_v1.3.4_x5.0_darwin_arm64 plugin:   Filters: [{
2025/06/24 13:50:23 packer-plugin-amazon_v1.3.4_x5.0_darwin_arm64 plugin:       Name: "root-device-type",
2025/06/24 13:50:23 packer-plugin-amazon_v1.3.4_x5.0_darwin_arm64 plugin:       Values: ["ebs"]
2025/06/24 13:50:23 packer-plugin-amazon_v1.3.4_x5.0_darwin_arm64 plugin:     },{
2025/06/24 13:50:23 packer-plugin-amazon_v1.3.4_x5.0_darwin_arm64 plugin:       Name: "virtualization-type",
2025/06/24 13:50:23 packer-plugin-amazon_v1.3.4_x5.0_darwin_arm64 plugin:       Values: ["hvm"]
2025/06/24 13:50:23 packer-plugin-amazon_v1.3.4_x5.0_darwin_arm64 plugin:     },{
2025/06/24 13:50:23 packer-plugin-amazon_v1.3.4_x5.0_darwin_arm64 plugin:       Name: "name",
2025/06/24 13:50:23 packer-plugin-amazon_v1.3.4_x5.0_darwin_arm64 plugin:       Values: ["capitala-project-ami--stage-1"]
2025/06/24 13:50:23 packer-plugin-amazon_v1.3.4_x5.0_darwin_arm64 plugin:     }],
2025/06/24 13:50:23 packer-plugin-amazon_v1.3.4_x5.0_darwin_arm64 plugin:   IncludeDeprecated: false,
2025/06/24 13:50:23 packer-plugin-amazon_v1.3.4_x5.0_darwin_arm64 plugin:   Owners: ["amazon","self"]
2025/06/24 13:50:23 packer-plugin-amazon_v1.3.4_x5.0_darwin_arm64 plugin: }
==> nix-packer-ubuntu.amazon-ebs.ubuntu:   Filters: [{
==> nix-packer-ubuntu.amazon-ebs.ubuntu:       Name: "root-device-type",
==> nix-packer-ubuntu.amazon-ebs.ubuntu:       Values: ["ebs"]
==> nix-packer-ubuntu.amazon-ebs.ubuntu:     },{
==> nix-packer-ubuntu.amazon-ebs.ubuntu:       Name: "virtualization-type",
==> nix-packer-ubuntu.amazon-ebs.ubuntu:       Values: ["hvm"]
==> nix-packer-ubuntu.amazon-ebs.ubuntu:     },{
==> nix-packer-ubuntu.amazon-ebs.ubuntu:       Name: "name",
==> nix-packer-ubuntu.amazon-ebs.ubuntu:       Values: ["capitala-project-ami--stage-1"]
==> nix-packer-ubuntu.amazon-ebs.ubuntu:     }],
==> nix-packer-ubuntu.amazon-ebs.ubuntu:   IncludeDeprecated: false,
==> nix-packer-ubuntu.amazon-ebs.ubuntu:   Owners: ["amazon","self"]
==> nix-packer-ubuntu.amazon-ebs.ubuntu: }[0m
[1;31m2025-06-24T13:50:23+01:00: ==> nix-packer-ubuntu.amazon-ebs.ubuntu: No AMI was found matching filters: {
==> nix-packer-ubuntu.amazon-ebs.ubuntu:   Filters: [{
==> nix-packer-ubuntu.amazon-ebs.ubuntu:       Name: "root-device-type",
==> nix-packer-ubuntu.amazon-ebs.ubuntu:       Values: ["ebs"]
==> nix-packer-ubuntu.amazon-ebs.ubuntu:     },{
==> nix-packer-ubuntu.amazon-ebs.ubuntu:       Name: "virtualization-type",
==> nix-packer-ubuntu.amazon-ebs.ubuntu:       Values: ["hvm"]
==> nix-packer-ubuntu.amazon-ebs.ubuntu:     },{
==> nix-packer-ubuntu.amazon-ebs.ubuntu:       Name: "name",
==> nix-packer-ubuntu.amazon-ebs.ubuntu:       Values: ["capitala-project-ami--stage-1"]
==> nix-packer-ubuntu.amazon-ebs.ubuntu:     }],
==> nix-packer-ubuntu.amazon-ebs.ubuntu:   IncludeDeprecated: false,
==> nix-packer-ubuntu.amazon-ebs.ubuntu:   Owners: ["amazon","self"]
==> nix-packer-ubuntu.amazon-ebs.ubuntu: }[0m
2025/06/24 13:50:23 [INFO] (telemetry) ending amazon-ebs.ubuntu
  Filters: [{
      Name: "root-device-type",
      Values: ["ebs"]
    },{
      Name: "virtualization-type",
      Values: ["hvm"]
    },{
      Name: "name",
      Values: ["capitala-project-ami--stage-1"]
    }],
  IncludeDeprecated: false,
  Owners: ["amazon","self"]
}[0m
==> Wait completed after 945 milliseconds 915 microseconds
2025/06/24 13:50:23 machine readable: error-count []string{"1"}
==> Some builds didn't complete successfully and had errors:
[1;31m2025-06-24T13:50:23+01:00: Build 'nix-packer-ubuntu.amazon-ebs.ubuntu' errored after 944 milliseconds 949 microseconds: No AMI was found matching filters: {
  Filters: [{
2025/06/24 13:50:23 machine readable: nix-packer-ubuntu.amazon-ebs.ubuntu,error []string{"No AMI was found matching filters: {\n  Filters: [{\n      Name: \"root-device-type\",\n      Values: [\"ebs\"]\n    },{\n      Name: \"virtualization-type\",\n      Values: [\"hvm\"]\n    },{\n      Name: \"name\",\n      Values: [\"capitala-project-ami--stage-1\"]\n    }],\n  IncludeDeprecated: false,\n  Owners: [\"amazon\",\"self\"]\n}"}
  Filters: [{
      Name: "root-device-type",
      Values: ["ebs"]
    },{
      Name: "virtualization-type",
      Values: ["hvm"]
    },{
      Name: "name",
      Values: ["capitala-project-ami--stage-1"]
    }],
  IncludeDeprecated: false,
  Owners: ["amazon","self"]
}
==> Builds finished but no artifacts were created.
      Name: "root-device-type",
      Values: ["ebs"]
    },{
      Name: "virtualization-type",
      Values: ["hvm"]
    },{
      Name: "name",
      Values: ["capitala-project-ami--stage-1"]
    }],
  IncludeDeprecated: false,
  Owners: ["amazon","self"]
}[0m

2025/06/24 13:50:23 [INFO] (telemetry) Finalizing.
==> Wait completed after 945 milliseconds 915 microseconds

==> Some builds didn't complete successfully and had errors:
--> nix-packer-ubuntu.amazon-ebs.ubuntu: No AMI was found matching filters: {
  Filters: [{
      Name: "root-device-type",
      Values: ["ebs"]
    },{
      Name: "virtualization-type",
      Values: ["hvm"]
    },{
      Name: "name",
      Values: ["capitala-project-ami--stage-1"]
    }],
  IncludeDeprecated: false,
  Owners: ["amazon","self"]
}

==> Builds finished but no artifacts were created.
2025/06/24 13:50:24 waiting for all plugin processes to complete...
2025/06/24 13:50:24 /opt/homebrew/bin/packer: plugin process exited
2025/06/24 13:50:24 /opt/homebrew/bin/packer: plugin process exited
2025/06/24 13:50:24 /opt/homebrew/bin/packer: plugin process exited
2025/06/24 13:50:24 /opt/homebrew/bin/packer: plugin process exited
2025/06/24 13:50:24 /opt/homebrew/bin/packer: plugin process exited
2025/06/24 13:50:24 /Users/barneycook/.config/packer/plugins/github.com/hashicorp/amazon/packer-plugin-amazon_v1.3.4_x5.0_darwin_arm64: plugin process exited
2025/06/24 13:50:24 /opt/homebrew/bin/packer: plugin process exited
2025/06/24 13:50:24 /opt/homebrew/bin/packer: plugin process exited
2025/06/24 13:50:24 /opt/homebrew/bin/packer: plugin process exited
2025/06/24 13:50:24 /opt/homebrew/bin/packer: plugin process exited
