2025/06/28 16:06:27 [INFO] Packer version: 1.12.0 [go1.22.9 darwin arm64]
2025/06/28 16:06:27 [INFO] PACKER_CONFIG env var not set; checking the default config file path
2025/06/28 16:06:27 [INFO] PACKER_CONFIG env var set; attempting to open config file: /Users/barneycook/.packerconfig
2025/06/28 16:06:27 [WARN] Config file doesn't exist: /Users/barneycook/.packerconfig
2025/06/28 16:06:27 [INFO] Setting cache directory: /Users/barneycook/.cache/packer
2025/06/28 16:06:27 [TRACE] listing potential installations for "github.com/hashicorp/amazon" that match ">= 0.0.2". plugingetter.ListInstallationsOptions{PluginDirectory:"/Users/barneycook/.config/packer/plugins", BinaryInstallationOptions:plugingetter.BinaryInstallationOptions{APIVersionMajor:"5", APIVersionMinor:"0", OS:"darwin", ARCH:"arm64", Ext:"", Checksummers:[]plugingetter.Checksummer{plugingetter.Checksummer{Type:"sha256", Hash:(*sha256.digest)(0x14000572000)}}, ReleasesOnly:false}}
2025/06/28 16:06:27 [TRACE] Found the following "github.com/hashicorp/amazon" installations: [{/Users/barneycook/.config/packer/plugins/github.com/hashicorp/amazon/packer-plugin-amazon_v1.3.4_x5.0_darwin_arm64 v1.3.4 x5.0}]
2025/06/28 16:06:27 [INFO] found external [chroot ebs ebssurrogate ebsvolume instance] builders from amazon plugin
2025/06/28 16:06:27 [INFO] found external [import] post-processors from amazon plugin
2025/06/28 16:06:27 found external [ami parameterstore secretsmanager] datasource from amazon plugin
2025/06/28 16:06:27 plugin "/Users/barneycook/.config/packer/plugins/github.com/hashicorp/amazon/packer-plugin-amazon_v1.3.4_x5.0_darwin_arm64" does not support Protobuf, forcing use of Gob
2025/06/28 16:06:27 [TRACE] listing potential installations for <nil> that match "". plugingetter.ListInstallationsOptions{PluginDirectory:"/Users/barneycook/.config/packer/plugins", BinaryInstallationOptions:plugingetter.BinaryInstallationOptions{APIVersionMajor:"5", APIVersionMinor:"0", OS:"darwin", ARCH:"arm64", Ext:"", Checksummers:[]plugingetter.Checksummer{plugingetter.Checksummer{Type:"sha256", Hash:(*sha256.digest)(0x140008dae80)}}, ReleasesOnly:false}}
2025/06/28 16:06:27 [INFO] found external [chroot ebs ebssurrogate ebsvolume instance] builders from amazon plugin
2025/06/28 16:06:27 [INFO] found external [import] post-processors from amazon plugin
2025/06/28 16:06:27 found external [ami parameterstore secretsmanager] datasource from amazon plugin
2025/06/28 16:06:27 [TRACE] validateValue: not active for git-head-version, so skipping
2025/06/28 16:06:27 [TRACE] validateValue: not active for packer-execution-id, so skipping
2025/06/28 16:06:27 [TRACE] validateValue: not active for force-deregister, so skipping
2025/06/28 16:06:27 [TRACE] validateValue: not active for profile, so skipping
2025/06/28 16:06:27 [TRACE] validateValue: not active for ami_regions, so skipping
2025/06/28 16:06:27 [TRACE] validateValue: not active for region, so skipping
2025/06/28 16:06:27 [TRACE] validateValue: not active for ami_name, so skipping
2025/06/28 16:06:27 [TRACE] validateValue: not active for postgres-version, so skipping
2025/06/28 16:06:27 [TRACE] validateValue: not active for git_sha, so skipping
2025/06/28 16:06:27 [TRACE] validateValue: not active for environment, so skipping
2025/06/28 16:06:27 [TRACE] validateValue: not active for postgres_major_version, so skipping
2025/06/28 16:06:27 [TRACE] validateValue: not active for git_commit_sha, so skipping
2025/06/28 16:06:27 [INFO] Starting external plugin /Users/barneycook/.config/packer/plugins/github.com/hashicorp/amazon/packer-plugin-amazon_v1.3.4_x5.0_darwin_arm64 start builder ebs
2025/06/28 16:06:27 Starting plugin: /Users/barneycook/.config/packer/plugins/github.com/hashicorp/amazon/packer-plugin-amazon_v1.3.4_x5.0_darwin_arm64 []string{"/Users/barneycook/.config/packer/plugins/github.com/hashicorp/amazon/packer-plugin-amazon_v1.3.4_x5.0_darwin_arm64", "start", "builder", "ebs"}
2025/06/28 16:06:27 Waiting for RPC address for: /Users/barneycook/.config/packer/plugins/github.com/hashicorp/amazon/packer-plugin-amazon_v1.3.4_x5.0_darwin_arm64
2025/06/28 16:06:27 packer-plugin-amazon_v1.3.4_x5.0_darwin_arm64 plugin: 2025/06/28 16:06:27 Plugin address: unix /var/folders/60/djqdr1sn5x5dmwllvmnlf3dc0000gn/T/packer-plugin2971520927
2025/06/28 16:06:27 packer-plugin-amazon_v1.3.4_x5.0_darwin_arm64 plugin: 2025/06/28 16:06:27 Waiting for connection...
2025/06/28 16:06:27 Received unix RPC address for /Users/barneycook/.config/packer/plugins/github.com/hashicorp/amazon/packer-plugin-amazon_v1.3.4_x5.0_darwin_arm64: addr is /var/folders/60/djqdr1sn5x5dmwllvmnlf3dc0000gn/T/packer-plugin2971520927
2025/06/28 16:06:27 packer-plugin-amazon_v1.3.4_x5.0_darwin_arm64 plugin: 2025/06/28 16:06:27 Serving a plugin connection...
2025/06/28 16:06:27 packer-plugin-amazon_v1.3.4_x5.0_darwin_arm64 plugin: 2025/06/28 16:06:27 [TRACE] starting builder ebs
2025/06/28 16:06:27 [DEBUG] - common: receiving ConfigSpec as gob

  on ./stage2-nix-psql.pkr.hcl line 106:
  (source code not available)

An argument named "omit_from_artifact" is not expected here.

Error: Unsupported argument

  on ./stage2-nix-psql.pkr.hcl line 106:
  (source code not available)

2025/06/28 16:06:27 [INFO] (telemetry) Finalizing.
An argument named "omit_from_artifact" is not expected here.


2025/06/28 16:06:28 waiting for all plugin processes to complete...
2025/06/28 16:06:28 /Users/barneycook/.config/packer/plugins/github.com/hashicorp/amazon/packer-plugin-amazon_v1.3.4_x5.0_darwin_arm64: plugin process exited
