[1;32mnix-packer-ubuntu.amazon-ebs.ubuntu: output will be in this color.[0m

[1;32m2025-02-11T10:07:24Z: ==> nix-packer-ubuntu.amazon-ebs.ubuntu: Force Deregister flag found, skipping prevalidating AMI Name[0m
[0;32m2025-02-11T10:07:25Z:     nix-packer-ubuntu.amazon-ebs.ubuntu: Found Image ID: ami-08ecfa9cc66991534[0m
[1;32m2025-02-11T10:07:25Z: ==> nix-packer-ubuntu.amazon-ebs.ubuntu: Setting public IP address to true on instance without a subnet ID[0m
[1;32m2025-02-11T10:07:25Z: ==> nix-packer-ubuntu.amazon-ebs.ubuntu: No VPC ID provided, Packer will use the default VPC[0m
[1;32m2025-02-11T10:07:26Z: ==> nix-packer-ubuntu.amazon-ebs.ubuntu: Inferring subnet from the selected VPC "vpc-0ba07cf7a36d288ba"[0m
[1;32m2025-02-11T10:07:29Z: ==> nix-packer-ubuntu.amazon-ebs.ubuntu: Set subnet as "subnet-036e5d2bdb3c3d371"[0m
[1;32m2025-02-11T10:07:29Z: ==> nix-packer-ubuntu.amazon-ebs.ubuntu: Creating temporary keypair: packer_67ab215b-5ad1-f5b1-b343-c13b853c4273[0m
[1;32m2025-02-11T10:07:30Z: ==> nix-packer-ubuntu.amazon-ebs.ubuntu: Creating temporary security group for this instance: packer_67ab2162-6664-4952-bef6-6e81f9a36fcf[0m
[1;32m2025-02-11T10:07:31Z: ==> nix-packer-ubuntu.amazon-ebs.ubuntu: Authorizing access to port 22 from [0.0.0.0/0] in the temporary security groups...[0m
[1;32m2025-02-11T10:07:48Z: ==> nix-packer-ubuntu.amazon-ebs.ubuntu: Launching a source AWS instance...[0m
[0;32m2025-02-11T10:07:48Z:     nix-packer-ubuntu.amazon-ebs.ubuntu: Adding tag: "appType": "postgres"[0m
[0;32m2025-02-11T10:07:48Z:     nix-packer-ubuntu.amazon-ebs.ubuntu: Adding tag: "creator": "packer"[0m
[0;32m2025-02-11T10:07:48Z:     nix-packer-ubuntu.amazon-ebs.ubuntu: Adding tag: "packerExecutionId": "unknown"[0m
[0;32m2025-02-11T10:07:48Z:     nix-packer-ubuntu.amazon-ebs.ubuntu: Adding tag: "appType": "postgres"[0m
[0;32m2025-02-11T10:07:48Z:     nix-packer-ubuntu.amazon-ebs.ubuntu: Adding tag: "creator": "packer"[0m
[1;32m2025-02-11T10:07:48Z: ==> nix-packer-ubuntu.amazon-ebs.ubuntu: changing public IP address config to true for instance on subnet "subnet-036e5d2bdb3c3d371"[0m
[0;32m2025-02-11T10:08:19Z:     nix-packer-ubuntu.amazon-ebs.ubuntu: Instance ID: i-05792ae42a04f4b22[0m
[1;32m2025-02-11T10:08:19Z: ==> nix-packer-ubuntu.amazon-ebs.ubuntu: Waiting for instance (i-05792ae42a04f4b22) to become ready...[0m
[1;32m2025-02-11T10:08:20Z: ==> nix-packer-ubuntu.amazon-ebs.ubuntu: Using SSH communicator to connect: 18.234.134.91[0m
[1;32m2025-02-11T10:08:20Z: ==> nix-packer-ubuntu.amazon-ebs.ubuntu: Waiting for SSH to become available...[0m
[1;32m2025-02-11T10:08:21Z: ==> nix-packer-ubuntu.amazon-ebs.ubuntu: Connected to SSH![0m
[1;32m2025-02-11T10:08:21Z: ==> nix-packer-ubuntu.amazon-ebs.ubuntu: Provisioning with shell script: /var/folders/60/djqdr1sn5x5dmwllvmnlf3dc0000gn/T/packer-shell523184026[0m
[1;32m2025-02-11T10:08:23Z: ==> nix-packer-ubuntu.amazon-ebs.ubuntu: Uploading ansible => /tmp/ansible-playbook[0m
[1;31m2025-02-11T10:08:31Z: ==> nix-packer-ubuntu.amazon-ebs.ubuntu: Upload failed: wait: remote command exited without exit status or exit signal[0m
[1;32m2025-02-11T10:08:31Z: ==> nix-packer-ubuntu.amazon-ebs.ubuntu: Provisioning step had errors: Running the cleanup provisioner, if present...[0m
[1;32m2025-02-11T10:08:31Z: ==> nix-packer-ubuntu.amazon-ebs.ubuntu: Terminating the source AWS instance...[0m
[1;32m2025-02-11T10:09:35Z: ==> nix-packer-ubuntu.amazon-ebs.ubuntu: Cleaning up any extra volumes...[0m
[1;32m2025-02-11T10:09:36Z: ==> nix-packer-ubuntu.amazon-ebs.ubuntu: No volumes to clean up, skipping[0m
[1;32m2025-02-11T10:09:36Z: ==> nix-packer-ubuntu.amazon-ebs.ubuntu: Deleting temporary security group...[0m
[1;32m2025-02-11T10:09:36Z: ==> nix-packer-ubuntu.amazon-ebs.ubuntu: Deleting temporary keypair...[0m
[1;31m2025-02-11T10:09:37Z: Build 'nix-packer-ubuntu.amazon-ebs.ubuntu' errored after 2 minutes 13 seconds: wait: remote command exited without exit status or exit signal[0m

==> Wait completed after 2 minutes 13 seconds

==> Some builds didn't complete successfully and had errors:
--> nix-packer-ubuntu.amazon-ebs.ubuntu: wait: remote command exited without exit status or exit signal

==> Builds finished but no artifacts were created.
